C Output produced by program LSFIT
C common name of the files : 1                                                                           
C no creation time is given out any longer 
C
C Before you consider to publish these results,
C check them with a professional least-square program.
C
C selected files : 1111
C                                                                            
C                                                                            
C                                                                            
C
C the model function was calculated with the following set of parameters
C
C     description                       value          sigma      last change
C   1  footprint in deg                0.2025540       0.000000       0.000000    
C   2  background (-log value)         0.4000000E-02   0.000000       0.000000    
C   3  diffractometer resolution        5.000000       0.000000       0.000000    
C   4  [disp,n*b] reference material    0.000000       0.000000       0.000000    
C   5  disp / n*b substrate 0 part 1    4.884649       0.000000       0.000000    
C   6  di_nb/beta substrate 0 part 1    117.2382       0.000000       0.000000    
C   7  sigma substrate in A 0 part 1    2.421656       0.000000       0.000000    
C   8  intensity offset                0.1071720E-01   0.000000       0.000000    
C   9  disp / n*b layer     1 part 1    10.33217       0.000000       0.000000    
C  10  di_nb/beta layer     1 part 1    22.78121       0.000000       0.000000    
C  11  sigma layer in A     1 part 1    1.057679       0.000000       0.000000    
C  12  layer thickness      1 part 1    357.2209      0.8627774E-01   0.000000    
C  13  disp / n*b layer     2 part 1    15.13810       0.000000       0.000000    
C  14  di_nb/beta layer     2 part 1    8.453100       0.000000       0.000000    
C  15  sigma layer in A     2 part 1    1.000000       0.000000       0.000000    
C  16  layer thickness      2 part 1    37.16476      0.3897842E-01   0.000000    
C  17  disp / n*b layer     3 part 1    10.33217       0.000000       0.000000    
C  18  di_nb/beta layer     3 part 1    22.78121       0.000000       0.000000    
C  19  sigma layer in A     3 part 1    10.74653      0.5205252E-01   0.000000    
C  20  layer thickness      3 part 1    6.753429      0.1050710       0.000000    
C
C ### name of parameter.............  Value              constant 
C   1 number of layers                 3.000000              
C   2 number of slices                 1000.000              
C   3 exactness in profile             0.000000              
C   4 TNH,NC,DW,profile:[0,1,2,+-3]   -3.000000              
C   5 wavelength [A] or energy [eV]    1.241680              
C   6 # of points (Fourier) [no:0]     256.0000              
C   7 TANH/ERF/SIN/X**2/LIN/(SPEC)     0.000000              
C   8 # of incoherent reflectivties    1.000000              
C   9 en/disable lay [0,1,2:all on]    1.111111              
C  10 x-axis : [0:TH, 1:2TH, 2:QZ]     1.000000              
C  11 [0 : X-RAY, 1 : NEUTRONS]        0.000000              
C  12 number of FTs each Refl.         3.000000              
C  13 lower limit for 1. FT           0.3200000E-01          
C  14 lower limit for 2. FT           0.3650000E-01          
C  15 lower limit for 3. FT           0.4000000E-01          
C                                                                            
C 
C quality of the agreement data vs. model
C
C Chi-square                   236.4211    
C goodness-of-fit              1.000000    
C absolute values  R-factor   0.3860206E-01
C weighted profile R-factor   0.4355932E-01
C expected         R-factor   0.9227747E-01
C
 C WRICOR : no valid correlation matrix
C
C list of observed and calculated data
C
C    #       XOBS          YOBS          YCALC         DELTA        DELTA/SIGMA
C 
     1    0.2000E+00   -0.2400E+00   -0.2416E+00    0.1617E-02    0.1617E-02
     2    0.2250E+00   -0.1917E+00   -0.1941E+00    0.2439E-02    0.2439E-02
     3    0.2500E+00   -0.1560E+00   -0.1529E+00   -0.3046E-02   -0.3046E-02
     4    0.2750E+00   -0.1240E+00   -0.1165E+00   -0.7526E-02   -0.7526E-02
     5    0.3000E+00   -0.9745E-01   -0.8418E-01   -0.1328E-01   -0.1328E-01
     6    0.3250E+00   -0.7206E-01   -0.5545E-01   -0.1661E-01   -0.1661E-01
     7    0.3500E+00   -0.5170E-01   -0.3008E-01   -0.2162E-01   -0.2162E-01
     8    0.3750E+00   -0.3318E-01   -0.7972E-02   -0.2521E-01   -0.2521E-01
     9    0.4000E+00   -0.1784E-01    0.1072E-01   -0.2856E-01   -0.2856E-01
    10    0.4250E+00   -0.5759E-02    0.4645E-02   -0.1040E-01   -0.1040E-01
    11    0.4500E+00    0.0000E+00   -0.1074E-01    0.1074E-01    0.1074E-01
    12    0.4750E+00   -0.2178E-02   -0.3394E-01    0.3176E-01    0.3176E-01
    13    0.5000E+00   -0.2526E-01   -0.7946E-01    0.5419E-01    0.5419E-01
    14    0.5250E+00   -0.1273E+00   -0.1944E+00    0.6714E-01    0.6714E-01
    15    0.5500E+00   -0.2359E+00   -0.4062E+00    0.1702E+00    0.1702E+00
    16    0.5750E+00   -0.1709E+00   -0.4334E+00    0.2625E+00    0.2625E+00
    17    0.6000E+00   -0.2992E+00   -0.5586E+00    0.2594E+00    0.2594E+00
    18    0.6250E+00   -0.3946E+00   -0.7873E+00    0.3926E+00    0.3926E+00
    19    0.6500E+00   -0.3268E+00   -0.7783E+00    0.4515E+00    0.4515E+00
    20    0.6750E+00   -0.3552E+00   -0.7219E+00    0.3667E+00    0.3667E+00
    21    0.7000E+00   -0.5178E+00   -0.8140E+00    0.2961E+00    0.2961E+00
    22    0.7250E+00   -0.7642E+00   -0.1030E+01    0.2661E+00    0.2661E+00
    23    0.7500E+00   -0.8919E+00   -0.1168E+01    0.2759E+00    0.2759E+00
    24    0.7750E+00   -0.8554E+00   -0.1088E+01    0.2328E+00    0.2328E+00
    25    0.8000E+00   -0.8557E+00   -0.1026E+01    0.1701E+00    0.1701E+00
    26    0.8250E+00   -0.9812E+00   -0.1086E+01    0.1045E+00    0.1045E+00
    27    0.8500E+00   -0.1209E+01   -0.1263E+01    0.5399E-01    0.5399E-01
    28    0.8750E+00   -0.1534E+01   -0.1466E+01   -0.6795E-01   -0.6795E-01
    29    0.9000E+00   -0.1785E+01   -0.1490E+01   -0.2948E+00   -0.2948E+00
    30    0.9250E+00   -0.1668E+01   -0.1389E+01   -0.2796E+00   -0.2796E+00
    31    0.9500E+00   -0.1497E+01   -0.1347E+01   -0.1502E+00   -0.1502E+00
    32    0.9750E+00   -0.1426E+01   -0.1417E+01   -0.8282E-02   -0.8282E-02
    33    0.1000E+01   -0.1453E+01   -0.1594E+01    0.1414E+00    0.1414E+00
    34    0.1025E+01   -0.1595E+01   -0.1806E+01    0.2113E+00    0.2113E+00
    35    0.1050E+01   -0.1885E+01   -0.1864E+01   -0.2047E-01   -0.2047E-01
    36    0.1075E+01   -0.2172E+01   -0.1762E+01   -0.4095E+00   -0.4095E+00
    37    0.1100E+01   -0.2022E+01   -0.1690E+01   -0.3320E+00   -0.3320E+00
    38    0.1125E+01   -0.1832E+01   -0.1721E+01   -0.1104E+00   -0.1104E+00
    39    0.1150E+01   -0.1791E+01   -0.1864E+01    0.7331E-01    0.7331E-01
    40    0.1175E+01   -0.1916E+01   -0.2095E+01    0.1786E+00    0.1786E+00
    41    0.1200E+01   -0.2253E+01   -0.2275E+01    0.2149E-01    0.2149E-01
    42    0.1225E+01   -0.3038E+01   -0.2224E+01   -0.8137E+00   -0.8137E+00
    43    0.1250E+01   -0.3445E+01   -0.2099E+01   -0.1346E+01   -0.1346E+01
    44    0.1275E+01   -0.2724E+01   -0.2058E+01   -0.6666E+00   -0.6666E+00
    45    0.1300E+01   -0.2571E+01   -0.2132E+01   -0.4391E+00   -0.4391E+00
    46    0.1325E+01   -0.2686E+01   -0.2326E+01   -0.3596E+00   -0.3596E+00
    47    0.1350E+01   -0.3112E+01   -0.2612E+01   -0.4995E+00   -0.4995E+00
    48    0.1375E+01   -0.3524E+01   -0.2776E+01   -0.7484E+00   -0.7484E+00
    49    0.1400E+01   -0.2934E+01   -0.2645E+01   -0.2890E+00   -0.2890E+00
    50    0.1425E+01   -0.2654E+01   -0.2499E+01   -0.1548E+00   -0.1548E+00
    51    0.1450E+01   -0.2605E+01   -0.2469E+01   -0.1359E+00   -0.1359E+00
    52    0.1475E+01   -0.2756E+01   -0.2571E+01   -0.1850E+00   -0.1850E+00
    53    0.1500E+01   -0.3224E+01   -0.2819E+01   -0.4042E+00   -0.4042E+00
    54    0.1525E+01   -0.4450E+01   -0.3208E+01   -0.1242E+01   -0.1242E+01
    55    0.1550E+01   -0.3254E+01   -0.3405E+01    0.1508E+00    0.1508E+00
    56    0.1575E+01   -0.2830E+01   -0.3152E+01    0.3227E+00    0.3227E+00
    57    0.1600E+01   -0.2697E+01   -0.2961E+01    0.2637E+00    0.2637E+00
    58    0.1625E+01   -0.2741E+01   -0.2930E+01    0.1892E+00    0.1892E+00
    59    0.1650E+01   -0.2966E+01   -0.3056E+01    0.9050E-01    0.9050E-01
    60    0.1675E+01   -0.3482E+01   -0.3368E+01   -0.1148E+00   -0.1148E+00
    61    0.1700E+01   -0.4246E+01   -0.3949E+01   -0.2967E+00   -0.2967E+00
    62    0.1725E+01   -0.3614E+01   -0.4208E+01    0.5946E+00    0.5946E+00
    63    0.1750E+01   -0.3330E+01   -0.3701E+01    0.3713E+00    0.3713E+00
    64    0.1775E+01   -0.3263E+01   -0.3469E+01    0.2059E+00    0.2059E+00
    65    0.1800E+01   -0.3292E+01   -0.3452E+01    0.1607E+00    0.1607E+00
    66    0.1825E+01   -0.3408E+01   -0.3619E+01    0.2109E+00    0.2109E+00
    67    0.1850E+01   -0.3615E+01   -0.3989E+01    0.3748E+00    0.3748E+00
    68    0.1875E+01   -0.3770E+01   -0.4437E+01    0.6668E+00    0.6668E+00
    69    0.1900E+01   -0.3700E+01   -0.4204E+01    0.5035E+00    0.5035E+00
    70    0.1925E+01   -0.3580E+01   -0.3909E+01    0.3291E+00    0.3291E+00
    71    0.1950E+01   -0.3521E+01   -0.3831E+01    0.3094E+00    0.3094E+00
    72    0.1975E+01   -0.3522E+01   -0.3953E+01    0.4313E+00    0.4313E+00
    73    0.2000E+01   -0.3572E+01   -0.4287E+01    0.7150E+00    0.7150E+00
    74    0.2025E+01   -0.3651E+01   -0.4585E+01    0.9339E+00    0.9339E+00
    75    0.2050E+01   -0.3733E+01   -0.4221E+01    0.4887E+00    0.4887E+00
    76    0.2075E+01   -0.3770E+01   -0.3899E+01    0.1286E+00    0.1286E+00
    77    0.2100E+01   -0.3741E+01   -0.3774E+01    0.3246E-01    0.3246E-01
    78    0.2125E+01   -0.3699E+01   -0.3823E+01    0.1241E+00    0.1241E+00
    79    0.2150E+01   -0.3680E+01   -0.4073E+01    0.3932E+00    0.3932E+00
    80    0.2175E+01   -0.3700E+01   -0.4622E+01    0.9216E+00    0.9216E+00
    81    0.2200E+01   -0.3756E+01   -0.4732E+01    0.9757E+00    0.9757E+00
    82    0.2225E+01   -0.3825E+01   -0.4113E+01    0.2880E+00    0.2880E+00
    83    0.2250E+01   -0.3864E+01   -0.3797E+01   -0.6743E-01   -0.6743E-01
    84    0.2275E+01   -0.3851E+01   -0.3682E+01   -0.1691E+00   -0.1691E+00
    85    0.2300E+01   -0.3824E+01   -0.3724E+01   -0.9944E-01   -0.9944E-01
    86    0.2325E+01   -0.3814E+01   -0.3932E+01    0.1176E+00    0.1176E+00
    87    0.2350E+01   -0.3842E+01   -0.4342E+01    0.5003E+00    0.5003E+00
    88    0.2375E+01   -0.3890E+01   -0.4591E+01    0.7004E+00    0.7004E+00
    89    0.2400E+01   -0.3928E+01   -0.4146E+01    0.2183E+00    0.2183E+00
    90    0.2425E+01   -0.3930E+01   -0.3822E+01   -0.1077E+00   -0.1077E+00
    91    0.2450E+01   -0.3916E+01   -0.3682E+01   -0.2346E+00   -0.2346E+00
    92    0.2475E+01   -0.3915E+01   -0.3686E+01   -0.2289E+00   -0.2289E+00
    93    0.2500E+01   -0.3945E+01   -0.3832E+01   -0.1137E+00   -0.1137E+00
    94    0.2525E+01   -0.3993E+01   -0.4131E+01    0.1389E+00    0.1389E+00
    95    0.2550E+01   -0.4034E+01   -0.4457E+01    0.4236E+00    0.4236E+00
    96    0.2575E+01   -0.4041E+01   -0.4266E+01    0.2250E+00    0.2250E+00
    97    0.2600E+01   -0.4018E+01   -0.3939E+01   -0.7948E-01   -0.7948E-01
    98    0.2625E+01   -0.3995E+01   -0.3759E+01   -0.2360E+00   -0.2360E+00
    99    0.2650E+01   -0.4009E+01   -0.3719E+01   -0.2895E+00   -0.2895E+00
   100    0.2675E+01   -0.4054E+01   -0.3809E+01   -0.2452E+00   -0.2452E+00
   101    0.2700E+01   -0.4114E+01   -0.4034E+01   -0.7982E-01   -0.7982E-01
   102    0.2725E+01   -0.4159E+01   -0.4364E+01    0.2046E+00    0.2046E+00
   103    0.2750E+01   -0.4165E+01   -0.4428E+01    0.2627E+00    0.2627E+00
   104    0.2775E+01   -0.4148E+01   -0.4133E+01   -0.1501E-01   -0.1501E-01
   105    0.2800E+01   -0.4136E+01   -0.3907E+01   -0.2288E+00   -0.2288E+00
   106    0.2825E+01   -0.4146E+01   -0.3818E+01   -0.3286E+00   -0.3286E+00
   107    0.2850E+01   -0.4165E+01   -0.3855E+01   -0.3105E+00   -0.3105E+00
   108    0.2875E+01   -0.4208E+01   -0.4019E+01   -0.1883E+00   -0.1883E+00
   109    0.2900E+01   -0.4238E+01   -0.4315E+01    0.7777E-01    0.7777E-01
   110    0.2925E+01   -0.4253E+01   -0.4578E+01    0.3255E+00    0.3255E+00
   111    0.2950E+01   -0.4258E+01   -0.4403E+01    0.1456E+00    0.1456E+00
   112    0.2975E+01   -0.4268E+01   -0.4130E+01   -0.1379E+00   -0.1379E+00
   113    0.3000E+01   -0.4267E+01   -0.3983E+01   -0.2834E+00   -0.2834E+00
   114    0.3025E+01   -0.4276E+01   -0.3966E+01   -0.3102E+00   -0.3102E+00
   115    0.3050E+01   -0.4284E+01   -0.4075E+01   -0.2092E+00   -0.2092E+00
   116    0.3075E+01   -0.4291E+01   -0.4321E+01    0.3001E-01    0.3001E-01
   117    0.3100E+01   -0.4305E+01   -0.4680E+01    0.3742E+00    0.3742E+00
   118    0.3125E+01   -0.4322E+01   -0.4752E+01    0.4301E+00    0.4301E+00
   119    0.3150E+01   -0.4334E+01   -0.4447E+01    0.1135E+00    0.1135E+00
   120    0.3175E+01   -0.4358E+01   -0.4227E+01   -0.1311E+00   -0.1311E+00
   121    0.3200E+01   -0.4360E+01   -0.4148E+01   -0.2124E+00   -0.2124E+00
   122    0.3225E+01   -0.4357E+01   -0.4200E+01   -0.1569E+00   -0.1569E+00
   123    0.3250E+01   -0.4358E+01   -0.4390E+01    0.3250E-01    0.3250E-01
   124    0.3275E+01   -0.4359E+01   -0.4748E+01    0.3886E+00    0.3886E+00
   125    0.3300E+01   -0.4369E+01   -0.5139E+01    0.7704E+00    0.7704E+00
   126    0.3325E+01   -0.4391E+01   -0.4908E+01    0.5170E+00    0.5170E+00
   127    0.3350E+01   -0.4417E+01   -0.4577E+01    0.1599E+00    0.1599E+00
   128    0.3375E+01   -0.4423E+01   -0.4418E+01   -0.5153E-02   -0.5153E-02
   129    0.3400E+01   -0.4431E+01   -0.4407E+01   -0.2422E-01   -0.2422E-01
   130    0.3425E+01   -0.4428E+01   -0.4535E+01    0.1075E+00    0.1075E+00
   131    0.3450E+01   -0.4432E+01   -0.4835E+01    0.4030E+00    0.4030E+00
   132    0.3475E+01   -0.4434E+01   -0.5384E+01    0.9502E+00    0.9502E+00
   133    0.3500E+01   -0.4446E+01   -0.5623E+01    0.1177E+01    0.1177E+01
   134    0.3525E+01   -0.4461E+01   -0.5096E+01    0.6355E+00    0.6355E+00
   135    0.3550E+01   -0.4471E+01   -0.4812E+01    0.3412E+00    0.3412E+00
   136    0.3575E+01   -0.4482E+01   -0.4722E+01    0.2406E+00    0.2406E+00
   137    0.3600E+01   -0.4491E+01   -0.4781E+01    0.2895E+00    0.2895E+00
   138    0.3625E+01   -0.4494E+01   -0.4988E+01    0.4938E+00    0.4938E+00
   139    0.3650E+01   -0.4498E+01   -0.5385E+01    0.8869E+00    0.8869E+00
   140    0.3675E+01   -0.4504E+01   -0.5926E+01    0.1422E+01    0.1422E+01
   141    0.3700E+01   -0.4512E+01   -0.5727E+01    0.1215E+01    0.1215E+01
   142    0.3725E+01   -0.4522E+01   -0.5362E+01    0.8398E+00    0.8398E+00
   143    0.3750E+01   -0.4533E+01   -0.5201E+01    0.6675E+00    0.6675E+00
   144    0.3775E+01   -0.4542E+01   -0.5182E+01    0.6393E+00    0.6393E+00
   145    0.3800E+01   -0.4549E+01   -0.5251E+01    0.7023E+00    0.7023E+00
   146    0.3825E+01   -0.4552E+01   -0.5350E+01    0.7972E+00    0.7972E+00
   147    0.3850E+01   -0.4563E+01   -0.5418E+01    0.8556E+00    0.8556E+00
   148    0.3875E+01   -0.4572E+01   -0.5462E+01    0.8899E+00    0.8899E+00
   149    0.3900E+01   -0.4581E+01   -0.5546E+01    0.9643E+00    0.9643E+00
   150    0.3925E+01   -0.4591E+01   -0.5715E+01    0.1123E+01    0.1123E+01
   151    0.3950E+01   -0.4600E+01   -0.5860E+01    0.1260E+01    0.1260E+01
   152    0.3975E+01   -0.4613E+01   -0.5682E+01    0.1069E+01    0.1069E+01
   153    0.4000E+01   -0.4625E+01   -0.5380E+01    0.7549E+00    0.7549E+00
   154    0.4025E+01   -0.4631E+01   -0.5179E+01    0.5483E+00    0.5483E+00
   155    0.4050E+01   -0.4640E+01   -0.5108E+01    0.4677E+00    0.4677E+00
   156    0.4075E+01   -0.4651E+01   -0.5174E+01    0.5238E+00    0.5238E+00
   157    0.4100E+01   -0.4660E+01   -0.5417E+01    0.7573E+00    0.7573E+00
   158    0.4125E+01   -0.4670E+01   -0.5939E+01    0.1268E+01    0.1268E+01
   159    0.4150E+01   -0.4682E+01   -0.6109E+01    0.1426E+01    0.1426E+01
   160    0.4175E+01   -0.4693E+01   -0.5463E+01    0.7693E+00    0.7693E+00
   161    0.4200E+01   -0.4706E+01   -0.5107E+01    0.4009E+00    0.4009E+00
   162    0.4225E+01   -0.4717E+01   -0.4948E+01    0.2315E+00    0.2315E+00
   163    0.4250E+01   -0.4726E+01   -0.4936E+01    0.2099E+00    0.2099E+00
   164    0.4275E+01   -0.4738E+01   -0.5067E+01    0.3290E+00    0.3290E+00
   165    0.4300E+01   -0.4749E+01   -0.5365E+01    0.6154E+00    0.6154E+00
   166    0.4325E+01   -0.4761E+01   -0.5743E+01    0.9818E+00    0.9818E+00
   167    0.4350E+01   -0.4774E+01   -0.5527E+01    0.7526E+00    0.7526E+00
   168    0.4375E+01   -0.4790E+01   -0.5136E+01    0.3463E+00    0.3463E+00
   169    0.4400E+01   -0.4801E+01   -0.4915E+01    0.1139E+00    0.1139E+00
   170    0.4425E+01   -0.4813E+01   -0.4839E+01    0.2591E-01    0.2591E-01
   171    0.4450E+01   -0.4827E+01   -0.4890E+01    0.6371E-01    0.6371E-01
   172    0.4475E+01   -0.4839E+01   -0.5073E+01    0.2338E+00    0.2338E+00
   173    0.4500E+01   -0.4848E+01   -0.5369E+01    0.5208E+00    0.5208E+00
   174    0.4525E+01   -0.4862E+01   -0.5503E+01    0.6407E+00    0.6407E+00
   175    0.4550E+01   -0.4872E+01   -0.5234E+01    0.3613E+00    0.3613E+00
   176    0.4575E+01   -0.4885E+01   -0.4974E+01    0.8934E-01    0.8934E-01
   177    0.4600E+01   -0.4902E+01   -0.4844E+01   -0.5834E-01   -0.5834E-01
   178    0.4625E+01   -0.4914E+01   -0.4834E+01   -0.7929E-01   -0.7929E-01
   179    0.4650E+01   -0.4929E+01   -0.4943E+01    0.1399E-01    0.1399E-01
   180    0.4675E+01   -0.4944E+01   -0.5166E+01    0.2226E+00    0.2226E+00
   181    0.4700E+01   -0.4956E+01   -0.5417E+01    0.4612E+00    0.4612E+00
   182    0.4725E+01   -0.4975E+01   -0.5370E+01    0.3946E+00    0.3946E+00
   183    0.4750E+01   -0.4988E+01   -0.5116E+01    0.1285E+00    0.1285E+00
   184    0.4775E+01   -0.5007E+01   -0.4936E+01   -0.7130E-01   -0.7130E-01
   185    0.4800E+01   -0.5023E+01   -0.4872E+01   -0.1508E+00   -0.1508E+00
   186    0.4825E+01   -0.5036E+01   -0.4921E+01   -0.1151E+00   -0.1151E+00
   187    0.4850E+01   -0.5047E+01   -0.5085E+01    0.3821E-01    0.3821E-01
   188    0.4875E+01   -0.5058E+01   -0.5344E+01    0.2869E+00    0.2869E+00
   189    0.4900E+01   -0.5071E+01   -0.5508E+01    0.4373E+00    0.4373E+00
   190    0.4925E+01   -0.5088E+01   -0.5340E+01    0.2521E+00    0.2521E+00
   191    0.4950E+01   -0.5101E+01   -0.5117E+01    0.1568E-01    0.1568E-01
   192    0.4975E+01   -0.5114E+01   -0.4996E+01   -0.1181E+00   -0.1181E+00
   193    0.5000E+01   -0.5124E+01   -0.4991E+01   -0.1334E+00   -0.1334E+00
   194    0.5025E+01   -0.5142E+01   -0.5100E+01   -0.4144E-01   -0.4144E-01
   195    0.5050E+01   -0.5150E+01   -0.5329E+01    0.1789E+00    0.1789E+00
   196    0.5075E+01   -0.5166E+01   -0.5620E+01    0.4542E+00    0.4542E+00
   197    0.5100E+01   -0.5176E+01   -0.5650E+01    0.4745E+00    0.4745E+00
   198    0.5125E+01   -0.5183E+01   -0.5405E+01    0.2227E+00    0.2227E+00
   199    0.5150E+01   -0.5196E+01   -0.5218E+01    0.2165E-01    0.2165E-01
   200    0.5175E+01   -0.5212E+01   -0.5152E+01   -0.6021E-01   -0.6021E-01
   201    0.5200E+01   -0.5223E+01   -0.5207E+01   -0.1593E-01   -0.1593E-01
   202    0.5225E+01   -0.5232E+01   -0.5390E+01    0.1587E+00    0.1587E+00
   203    0.5250E+01   -0.5245E+01   -0.5716E+01    0.4709E+00    0.4709E+00
   204    0.5275E+01   -0.5255E+01   -0.6035E+01    0.7799E+00    0.7799E+00
   205    0.5300E+01   -0.5265E+01   -0.5859E+01    0.5939E+00    0.5939E+00
   206    0.5325E+01   -0.5277E+01   -0.5572E+01    0.2955E+00    0.2955E+00
   207    0.5350E+01   -0.5283E+01   -0.5427E+01    0.1442E+00    0.1442E+00
   208    0.5375E+01   -0.5298E+01   -0.5419E+01    0.1211E+00    0.1211E+00
   209    0.5400E+01   -0.5313E+01   -0.5547E+01    0.2343E+00    0.2343E+00
   210    0.5425E+01   -0.5321E+01   -0.5839E+01    0.5175E+00    0.5175E+00
   211    0.5450E+01   -0.5341E+01   -0.6361E+01    0.1021E+01    0.1021E+01
   212    0.5475E+01   -0.5352E+01   -0.6642E+01    0.1290E+01    0.1290E+01
   213    0.5500E+01   -0.5363E+01   -0.6154E+01    0.7906E+00    0.7906E+00
   214    0.5525E+01   -0.5369E+01   -0.5872E+01    0.5024E+00    0.5024E+00
   215    0.5550E+01   -0.5391E+01   -0.5782E+01    0.3909E+00    0.3909E+00
   216    0.5575E+01   -0.5403E+01   -0.5840E+01    0.4368E+00    0.4368E+00
   217    0.5600E+01   -0.5417E+01   -0.6040E+01    0.6230E+00    0.6230E+00
   218    0.5625E+01   -0.5429E+01   -0.6400E+01    0.9708E+00    0.9708E+00
   219    0.5650E+01   -0.5444E+01   -0.6829E+01    0.1385E+01    0.1385E+01
   220    0.5675E+01   -0.5456E+01   -0.6769E+01    0.1313E+01    0.1313E+01
   221    0.5700E+01   -0.5477E+01   -0.6515E+01    0.1037E+01    0.1037E+01
   222    0.5725E+01   -0.5485E+01   -0.6401E+01    0.9154E+00    0.9154E+00
   223    0.5750E+01   -0.5503E+01   -0.6386E+01    0.8826E+00    0.8826E+00
   224    0.5775E+01   -0.5519E+01   -0.6376E+01    0.8565E+00    0.8565E+00
   225    0.5800E+01   -0.5534E+01   -0.6307E+01    0.7728E+00    0.7728E+00
   226    0.5825E+01   -0.5558E+01   -0.6223E+01    0.6657E+00    0.6657E+00
   227    0.5850E+01   -0.5571E+01   -0.6208E+01    0.6363E+00    0.6363E+00
   228    0.5875E+01   -0.5594E+01   -0.6321E+01    0.7269E+00    0.7269E+00
   229    0.5900E+01   -0.5604E+01   -0.6642E+01    0.1038E+01    0.1038E+01
   230    0.5925E+01   -0.5624E+01   -0.7216E+01    0.1592E+01    0.1592E+01
   231    0.5950E+01   -0.5643E+01   -0.6778E+01    0.1134E+01    0.1134E+01
   232    0.5975E+01   -0.5662E+01   -0.6241E+01    0.5789E+00    0.5789E+00
   233    0.6000E+01   -0.5679E+01   -0.5962E+01    0.2830E+00    0.2830E+00
   234    0.6025E+01   -0.5688E+01   -0.5852E+01    0.1642E+00    0.1642E+00
   235    0.6050E+01   -0.5710E+01   -0.5882E+01    0.1721E+00    0.1721E+00
   236    0.6075E+01   -0.5734E+01   -0.6059E+01    0.3254E+00    0.3254E+00
   237    0.6100E+01   -0.5752E+01   -0.6399E+01    0.6474E+00    0.6474E+00
   238    0.6125E+01   -0.5770E+01   -0.6575E+01    0.8050E+00    0.8050E+00
   239    0.6150E+01   -0.5790E+01   -0.6192E+01    0.4021E+00    0.4021E+00
   240    0.6175E+01   -0.5810E+01   -0.5867E+01    0.5663E-01    0.5663E-01
   241    0.6200E+01   -0.5828E+01   -0.5698E+01   -0.1293E+00   -0.1293E+00
   242    0.6225E+01   -0.5861E+01   -0.5661E+01   -0.2004E+00   -0.2004E+00
   243    0.6250E+01   -0.5870E+01   -0.5742E+01   -0.1274E+00   -0.1274E+00
   244    0.6275E+01   -0.5882E+01   -0.5939E+01    0.5783E-01    0.5783E-01
   245    0.6300E+01   -0.5903E+01   -0.6169E+01    0.2661E+00    0.2661E+00
   246    0.6325E+01   -0.5925E+01   -0.6126E+01    0.2010E+00    0.2010E+00
   247    0.6350E+01   -0.5954E+01   -0.5865E+01   -0.8893E-01   -0.8893E-01
   248    0.6375E+01   -0.5966E+01   -0.5666E+01   -0.3005E+00   -0.3005E+00
   249    0.6400E+01   -0.5985E+01   -0.5578E+01   -0.4071E+00   -0.4071E+00
   250    0.6425E+01   -0.6023E+01   -0.5597E+01   -0.4258E+00   -0.4258E+00
   251    0.6450E+01   -0.6042E+01   -0.5719E+01   -0.3226E+00   -0.3226E+00
   252    0.6475E+01   -0.6073E+01   -0.5916E+01   -0.1564E+00   -0.1564E+00
   253    0.6500E+01   -0.6078E+01   -0.6042E+01   -0.3525E-01   -0.3525E-01
   254    0.6525E+01   -0.6097E+01   -0.5922E+01   -0.1758E+00   -0.1758E+00
   255    0.6550E+01   -0.6135E+01   -0.5722E+01   -0.4128E+00   -0.4128E+00
   256    0.6575E+01   -0.6137E+01   -0.5595E+01   -0.5423E+00   -0.5423E+00
   257    0.6600E+01   -0.6174E+01   -0.5564E+01   -0.6091E+00   -0.6091E+00
   258    0.6625E+01   -0.6198E+01   -0.5632E+01   -0.5666E+00   -0.5666E+00
   259    0.6650E+01   -0.6229E+01   -0.5788E+01   -0.4412E+00   -0.4412E+00
   260    0.6675E+01   -0.6259E+01   -0.5973E+01   -0.2863E+00   -0.2863E+00
   261    0.6700E+01   -0.6285E+01   -0.6009E+01   -0.2761E+00   -0.2761E+00
   262    0.6725E+01   -0.6294E+01   -0.5856E+01   -0.4385E+00   -0.4385E+00
   263    0.6750E+01   -0.6312E+01   -0.5699E+01   -0.6130E+00   -0.6130E+00
   264    0.6775E+01   -0.6351E+01   -0.5624E+01   -0.7272E+00   -0.7272E+00
   265    0.6800E+01   -0.6387E+01   -0.5643E+01   -0.7438E+00   -0.7438E+00
   266    0.6825E+01   -0.6419E+01   -0.5758E+01   -0.6612E+00   -0.6612E+00
   267    0.6850E+01   -0.6424E+01   -0.5948E+01   -0.4762E+00   -0.4762E+00
   268    0.6875E+01   -0.6438E+01   -0.6109E+01   -0.3290E+00   -0.3290E+00
   269    0.6900E+01   -0.6476E+01   -0.6062E+01   -0.4146E+00   -0.4146E+00
   270    0.6925E+01   -0.6495E+01   -0.5895E+01   -0.6001E+00   -0.6001E+00
   271    0.6950E+01   -0.6509E+01   -0.5774E+01   -0.7346E+00   -0.7346E+00
   272    0.6975E+01   -0.6550E+01   -0.5746E+01   -0.8034E+00   -0.8034E+00
   273    0.7000E+01   -0.6566E+01   -0.5817E+01   -0.7487E+00   -0.7487E+00
   274    0.7025E+01   -0.6581E+01   -0.5987E+01   -0.5940E+00   -0.5940E+00
   275    0.7050E+01   -0.6630E+01   -0.6221E+01   -0.4092E+00   -0.4092E+00
   276    0.7075E+01   -0.6679E+01   -0.6340E+01   -0.3396E+00   -0.3396E+00
   277    0.7100E+01   -0.6654E+01   -0.6207E+01   -0.4476E+00   -0.4476E+00
   278    0.7125E+01   -0.6688E+01   -0.6036E+01   -0.6527E+00   -0.6527E+00
   279    0.7150E+01   -0.6738E+01   -0.5952E+01   -0.7863E+00   -0.7863E+00
   280    0.7175E+01   -0.6785E+01   -0.5974E+01   -0.8104E+00   -0.8104E+00
   281    0.7200E+01   -0.6788E+01   -0.6109E+01   -0.6786E+00   -0.6786E+00
   282    0.7225E+01   -0.6807E+01   -0.6364E+01   -0.4428E+00   -0.4428E+00
   283    0.7250E+01   -0.6833E+01   -0.6679E+01   -0.1541E+00   -0.1541E+00
   284    0.7275E+01   -0.6870E+01   -0.6707E+01   -0.1628E+00   -0.1628E+00
   285    0.7300E+01   -0.6842E+01   -0.6469E+01   -0.3729E+00   -0.3729E+00
   286    0.7325E+01   -0.6889E+01   -0.6301E+01   -0.5875E+00   -0.5875E+00
   287    0.7350E+01   -0.6952E+01   -0.6261E+01   -0.6911E+00   -0.6911E+00
   288    0.7375E+01   -0.6999E+01   -0.6348E+01   -0.6512E+00   -0.6512E+00
   289    0.7400E+01   -0.7023E+01   -0.6579E+01   -0.4433E+00   -0.4433E+00
   290    0.7425E+01   -0.7050E+01   -0.7011E+01   -0.3909E-01   -0.3909E-01
   291    0.7450E+01   -0.7072E+01   -0.7586E+01    0.5140E+00    0.5140E+00
   292    0.7475E+01   -0.7082E+01   -0.7283E+01    0.2007E+00    0.2007E+00
   293    0.7500E+01   -0.7107E+01   -0.6917E+01   -0.1901E+00   -0.1901E+00
   294    0.7525E+01   -0.7162E+01   -0.6775E+01   -0.3870E+00   -0.3870E+00
   295    0.7550E+01   -0.7151E+01   -0.6791E+01   -0.3608E+00   -0.3608E+00
   296    0.7575E+01   -0.7255E+01   -0.6931E+01   -0.3246E+00   -0.3246E+00
   297    0.7600E+01   -0.7218E+01   -0.7157E+01   -0.6099E-01   -0.6099E-01
   298    0.7625E+01   -0.7273E+01   -0.7361E+01    0.8728E-01    0.8728E-01
   299    0.7650E+01   -0.7341E+01   -0.7429E+01    0.8825E-01    0.8825E-01
   300    0.7675E+01   -0.7341E+01   -0.7475E+01    0.1337E+00    0.1337E+00
   301    0.7700E+01   -0.7484E+01   -0.7636E+01    0.1519E+00    0.1519E+00
   302    0.7725E+01   -0.7470E+01   -0.7777E+01    0.3066E+00    0.3066E+00
   303    0.7750E+01   -0.7506E+01   -0.7455E+01   -0.5093E-01   -0.5093E-01
   304    0.7775E+01   -0.7473E+01   -0.7067E+01   -0.4059E+00   -0.4059E+00
   305    0.7800E+01   -0.7489E+01   -0.6827E+01   -0.6615E+00   -0.6615E+00
   306    0.7825E+01   -0.7545E+01   -0.6731E+01   -0.8142E+00   -0.8142E+00
   307    0.7850E+01   -0.7596E+01   -0.6772E+01   -0.8244E+00   -0.8244E+00
   308    0.7875E+01   -0.7662E+01   -0.6968E+01   -0.6939E+00   -0.6939E+00
   309    0.7900E+01   -0.7588E+01   -0.7312E+01   -0.2767E+00   -0.2767E+00
   310    0.7925E+01   -0.7687E+01   -0.7320E+01   -0.3671E+00   -0.3671E+00
   311    0.7950E+01   -0.7795E+01   -0.6892E+01   -0.9024E+00   -0.9024E+00
   312    0.7975E+01   -0.7886E+01   -0.6588E+01   -0.1298E+01   -0.1298E+01
   313    0.8000E+01   -0.7789E+01   -0.6439E+01   -0.1350E+01   -0.1350E+01
C 
   314    0.1000E+01    0.1492E+02    0.1472E+02    0.1955E+00    0.1955E+00
   315    0.3366E+01    0.1480E+02    0.1459E+02    0.2067E+00    0.2067E+00
   316    0.5732E+01    0.1457E+02    0.1437E+02    0.1960E+00    0.1960E+00
   317    0.8098E+01    0.1430E+02    0.1422E+02    0.7958E-01    0.7958E-01
   318    0.1046E+02    0.1424E+02    0.1425E+02   -0.9849E-02   -0.9849E-02
   319    0.1283E+02    0.1435E+02    0.1427E+02    0.8088E-01    0.8088E-01
   320    0.1520E+02    0.1443E+02    0.1421E+02    0.2249E+00    0.2249E+00
   321    0.1756E+02    0.1443E+02    0.1412E+02    0.3173E+00    0.3173E+00
   322    0.1993E+02    0.1439E+02    0.1411E+02    0.2868E+00    0.2868E+00
   323    0.2230E+02    0.1435E+02    0.1413E+02    0.2213E+00    0.2213E+00
   324    0.2466E+02    0.1432E+02    0.1409E+02    0.2326E+00    0.2326E+00
   325    0.2703E+02    0.1430E+02    0.1400E+02    0.3000E+00    0.3000E+00
   326    0.2939E+02    0.1426E+02    0.1397E+02    0.2885E+00    0.2885E+00
   327    0.3176E+02    0.1423E+02    0.1406E+02    0.1652E+00    0.1652E+00
   328    0.3413E+02    0.1420E+02    0.1413E+02    0.7475E-01    0.7475E-01
   329    0.3649E+02    0.1418E+02    0.1408E+02    0.1039E+00    0.1039E+00
   330    0.3886E+02    0.1417E+02    0.1390E+02    0.2660E+00    0.2660E+00
   331    0.4122E+02    0.1415E+02    0.1363E+02    0.5204E+00    0.5204E+00
   332    0.4359E+02    0.1411E+02    0.1342E+02    0.6923E+00    0.6923E+00
   333    0.4596E+02    0.1407E+02    0.1342E+02    0.6499E+00    0.6499E+00
   334    0.4832E+02    0.1403E+02    0.1342E+02    0.6022E+00    0.6022E+00
   335    0.5069E+02    0.1399E+02    0.1333E+02    0.6630E+00    0.6630E+00
   336    0.5305E+02    0.1396E+02    0.1319E+02    0.7734E+00    0.7734E+00
   337    0.5542E+02    0.1393E+02    0.1312E+02    0.8082E+00    0.8082E+00
   338    0.5779E+02    0.1390E+02    0.1311E+02    0.7896E+00    0.7896E+00
   339    0.6015E+02    0.1387E+02    0.1305E+02    0.8160E+00    0.8160E+00
   340    0.6252E+02    0.1383E+02    0.1296E+02    0.8685E+00    0.8685E+00
   341    0.6489E+02    0.1380E+02    0.1294E+02    0.8567E+00    0.8567E+00
   342    0.6725E+02    0.1376E+02    0.1296E+02    0.8073E+00    0.8073E+00
   343    0.6962E+02    0.1374E+02    0.1293E+02    0.8046E+00    0.8046E+00
   344    0.7198E+02    0.1370E+02    0.1288E+02    0.8289E+00    0.8289E+00
   345    0.7435E+02    0.1367E+02    0.1287E+02    0.8012E+00    0.8012E+00
   346    0.7672E+02    0.1363E+02    0.1289E+02    0.7397E+00    0.7397E+00
   347    0.7908E+02    0.1359E+02    0.1287E+02    0.7163E+00    0.7163E+00
   348    0.8145E+02    0.1354E+02    0.1282E+02    0.7199E+00    0.7199E+00
   349    0.8381E+02    0.1350E+02    0.1281E+02    0.6859E+00    0.6859E+00
   350    0.8618E+02    0.1346E+02    0.1283E+02    0.6267E+00    0.6267E+00
   351    0.8855E+02    0.1342E+02    0.1281E+02    0.6012E+00    0.6012E+00
   352    0.9091E+02    0.1337E+02    0.1277E+02    0.5983E+00    0.5983E+00
   353    0.9328E+02    0.1332E+02    0.1276E+02    0.5612E+00    0.5612E+00
   354    0.9565E+02    0.1328E+02    0.1277E+02    0.5039E+00    0.5039E+00
   355    0.9801E+02    0.1324E+02    0.1276E+02    0.4838E+00    0.4838E+00
   356    0.1004E+03    0.1320E+02    0.1271E+02    0.4914E+00    0.4914E+00
   357    0.1027E+03    0.1317E+02    0.1270E+02    0.4712E+00    0.4712E+00
   358    0.1051E+03    0.1315E+02    0.1271E+02    0.4330E+00    0.4330E+00
   359    0.1075E+03    0.1312E+02    0.1269E+02    0.4286E+00    0.4286E+00
   360    0.1098E+03    0.1310E+02    0.1265E+02    0.4486E+00    0.4486E+00
   361    0.1122E+03    0.1308E+02    0.1264E+02    0.4409E+00    0.4409E+00
   362    0.1146E+03    0.1306E+02    0.1265E+02    0.4159E+00    0.4159E+00
   363    0.1169E+03    0.1305E+02    0.1263E+02    0.4253E+00    0.4253E+00
   364    0.1193E+03    0.1305E+02    0.1259E+02    0.4606E+00    0.4606E+00
   365    0.1217E+03    0.1304E+02    0.1257E+02    0.4692E+00    0.4692E+00
   366    0.1240E+03    0.1304E+02    0.1258E+02    0.4569E+00    0.4569E+00
   367    0.1264E+03    0.1303E+02    0.1256E+02    0.4720E+00    0.4720E+00
   368    0.1288E+03    0.1303E+02    0.1252E+02    0.5073E+00    0.5073E+00
   369    0.1311E+03    0.1302E+02    0.1250E+02    0.5133E+00    0.5133E+00
   370    0.1335E+03    0.1301E+02    0.1251E+02    0.4971E+00    0.4971E+00
   371    0.1359E+03    0.1300E+02    0.1249E+02    0.5059E+00    0.5059E+00
   372    0.1382E+03    0.1298E+02    0.1245E+02    0.5322E+00    0.5322E+00
   373    0.1406E+03    0.1296E+02    0.1243E+02    0.5266E+00    0.5266E+00
   374    0.1430E+03    0.1293E+02    0.1244E+02    0.4964E+00    0.4964E+00
   375    0.1453E+03    0.1291E+02    0.1242E+02    0.4897E+00    0.4897E+00
   376    0.1477E+03    0.1287E+02    0.1237E+02    0.5004E+00    0.5004E+00
   377    0.1501E+03    0.1284E+02    0.1236E+02    0.4801E+00    0.4801E+00
   378    0.1524E+03    0.1280E+02    0.1236E+02    0.4366E+00    0.4366E+00
   379    0.1548E+03    0.1276E+02    0.1234E+02    0.4188E+00    0.4188E+00
   380    0.1572E+03    0.1272E+02    0.1230E+02    0.4196E+00    0.4196E+00
   381    0.1595E+03    0.1267E+02    0.1228E+02    0.3886E+00    0.3886E+00
   382    0.1619E+03    0.1262E+02    0.1229E+02    0.3319E+00    0.3319E+00
   383    0.1643E+03    0.1256E+02    0.1226E+02    0.3000E+00    0.3000E+00
   384    0.1666E+03    0.1251E+02    0.1222E+02    0.2879E+00    0.2879E+00
   385    0.1690E+03    0.1245E+02    0.1220E+02    0.2451E+00    0.2451E+00
   386    0.1714E+03    0.1238E+02    0.1221E+02    0.1765E+00    0.1765E+00
   387    0.1737E+03    0.1232E+02    0.1219E+02    0.1347E+00    0.1347E+00
   388    0.1761E+03    0.1226E+02    0.1214E+02    0.1185E+00    0.1185E+00
   389    0.1785E+03    0.1220E+02    0.1212E+02    0.7631E-01    0.7631E-01
   390    0.1808E+03    0.1214E+02    0.1213E+02    0.7516E-02    0.7516E-02
   391    0.1832E+03    0.1207E+02    0.1211E+02   -0.3974E-01   -0.3974E-01
   392    0.1856E+03    0.1200E+02    0.1207E+02   -0.6561E-01   -0.6561E-01
   393    0.1879E+03    0.1193E+02    0.1205E+02   -0.1172E+00   -0.1172E+00
   394    0.1903E+03    0.1186E+02    0.1205E+02   -0.1902E+00   -0.1902E+00
   395    0.1927E+03    0.1180E+02    0.1203E+02   -0.2306E+00   -0.2306E+00
   396    0.1950E+03    0.1175E+02    0.1199E+02   -0.2363E+00   -0.2363E+00
   397    0.1974E+03    0.1171E+02    0.1197E+02   -0.2611E+00   -0.2611E+00
   398    0.1998E+03    0.1166E+02    0.1197E+02   -0.3121E+00   -0.3121E+00
   399    0.2021E+03    0.1161E+02    0.1196E+02   -0.3417E+00   -0.3417E+00
   400    0.2045E+03    0.1157E+02    0.1191E+02   -0.3435E+00   -0.3435E+00
   401    0.2069E+03    0.1153E+02    0.1190E+02   -0.3625E+00   -0.3625E+00
   402    0.2092E+03    0.1150E+02    0.1190E+02   -0.4008E+00   -0.4008E+00
   403    0.2116E+03    0.1148E+02    0.1188E+02   -0.4070E+00   -0.4070E+00
   404    0.2140E+03    0.1147E+02    0.1184E+02   -0.3757E+00   -0.3757E+00
   405    0.2163E+03    0.1146E+02    0.1182E+02   -0.3619E+00   -0.3619E+00
   406    0.2187E+03    0.1145E+02    0.1183E+02   -0.3824E+00   -0.3824E+00
   407    0.2211E+03    0.1142E+02    0.1181E+02   -0.3902E+00   -0.3902E+00
   408    0.2234E+03    0.1141E+02    0.1178E+02   -0.3660E+00   -0.3660E+00
   409    0.2258E+03    0.1141E+02    0.1176E+02   -0.3487E+00   -0.3487E+00
   410    0.2281E+03    0.1140E+02    0.1176E+02   -0.3605E+00   -0.3605E+00
   411    0.2305E+03    0.1138E+02    0.1175E+02   -0.3727E+00   -0.3727E+00
   412    0.2329E+03    0.1135E+02    0.1172E+02   -0.3700E+00   -0.3700E+00
   413    0.2352E+03    0.1132E+02    0.1170E+02   -0.3739E+00   -0.3739E+00
   414    0.2376E+03    0.1131E+02    0.1170E+02   -0.3929E+00   -0.3929E+00
   415    0.2400E+03    0.1128E+02    0.1169E+02   -0.4087E+00   -0.4087E+00
   416    0.2423E+03    0.1124E+02    0.1166E+02   -0.4228E+00   -0.4228E+00
   417    0.2447E+03    0.1118E+02    0.1164E+02   -0.4584E+00   -0.4584E+00
   418    0.2471E+03    0.1114E+02    0.1165E+02   -0.5097E+00   -0.5097E+00
   419    0.2494E+03    0.1109E+02    0.1164E+02   -0.5471E+00   -0.5471E+00
   420    0.2518E+03    0.1104E+02    0.1161E+02   -0.5728E+00   -0.5728E+00
   421    0.2542E+03    0.1098E+02    0.1159E+02   -0.6170E+00   -0.6170E+00
   422    0.2565E+03    0.1091E+02    0.1160E+02   -0.6885E+00   -0.6885E+00
   423    0.2589E+03    0.1082E+02    0.1159E+02   -0.7707E+00   -0.7707E+00
   424    0.2613E+03    0.1071E+02    0.1157E+02   -0.8562E+00   -0.8562E+00
   425    0.2636E+03    0.1062E+02    0.1155E+02   -0.9305E+00   -0.9305E+00
   426    0.2660E+03    0.1059E+02    0.1155E+02   -0.9562E+00   -0.9562E+00
   427    0.2684E+03    0.1062E+02    0.1154E+02   -0.9250E+00   -0.9250E+00
   428    0.2707E+03    0.1067E+02    0.1153E+02   -0.8557E+00   -0.8557E+00
   429    0.2731E+03    0.1076E+02    0.1151E+02   -0.7557E+00   -0.7557E+00
   430    0.2755E+03    0.1087E+02    0.1151E+02   -0.6331E+00   -0.6331E+00
   431    0.2778E+03    0.1099E+02    0.1150E+02   -0.5064E+00   -0.5064E+00
   432    0.2802E+03    0.1110E+02    0.1149E+02   -0.3895E+00   -0.3895E+00
   433    0.2826E+03    0.1120E+02    0.1148E+02   -0.2800E+00   -0.2800E+00
   434    0.2849E+03    0.1130E+02    0.1147E+02   -0.1676E+00   -0.1676E+00
   435    0.2873E+03    0.1140E+02    0.1146E+02   -0.5741E-01   -0.5741E-01
   436    0.2897E+03    0.1149E+02    0.1145E+02    0.3525E-01    0.3525E-01
   437    0.2920E+03    0.1156E+02    0.1145E+02    0.1125E+00    0.1125E+00
   438    0.2944E+03    0.1161E+02    0.1143E+02    0.1848E+00    0.1848E+00
   439    0.2968E+03    0.1166E+02    0.1141E+02    0.2417E+00    0.2417E+00
   440    0.2991E+03    0.1169E+02    0.1142E+02    0.2734E+00    0.2734E+00
   441    0.3015E+03    0.1172E+02    0.1142E+02    0.3047E+00    0.3047E+00
   442    0.3039E+03    0.1174E+02    0.1139E+02    0.3512E+00    0.3512E+00
   443    0.3062E+03    0.1174E+02    0.1137E+02    0.3743E+00    0.3743E+00
   444    0.3086E+03    0.1173E+02    0.1139E+02    0.3436E+00    0.3436E+00
   445    0.3110E+03    0.1171E+02    0.1139E+02    0.3131E+00    0.3131E+00
   446    0.3133E+03    0.1168E+02    0.1135E+02    0.3268E+00    0.3268E+00
   447    0.3157E+03    0.1165E+02    0.1132E+02    0.3283E+00    0.3283E+00
   448    0.3181E+03    0.1161E+02    0.1135E+02    0.2587E+00    0.2587E+00
   449    0.3204E+03    0.1157E+02    0.1137E+02    0.2028E+00    0.2028E+00
   450    0.3228E+03    0.1154E+02    0.1131E+02    0.2320E+00    0.2320E+00
   451    0.3252E+03    0.1151E+02    0.1125E+02    0.2592E+00    0.2592E+00
   452    0.3275E+03    0.1149E+02    0.1132E+02    0.1736E+00    0.1736E+00
   453    0.3299E+03    0.1148E+02    0.1136E+02    0.1186E+00    0.1186E+00
   454    0.3323E+03    0.1148E+02    0.1126E+02    0.2169E+00    0.2169E+00
   455    0.3346E+03    0.1150E+02    0.1116E+02    0.3431E+00    0.3431E+00
   456    0.3370E+03    0.1155E+02    0.1128E+02    0.2680E+00    0.2680E+00
   457    0.3394E+03    0.1161E+02    0.1137E+02    0.2457E+00    0.2457E+00
   458    0.3417E+03    0.1169E+02    0.1121E+02    0.4782E+00    0.4782E+00
   459    0.3441E+03    0.1177E+02    0.1097E+02    0.8041E+00    0.8041E+00
   460    0.3465E+03    0.1185E+02    0.1124E+02    0.6054E+00    0.6054E+00
   461    0.3488E+03    0.1192E+02    0.1142E+02    0.5012E+00    0.5012E+00
   462    0.3512E+03    0.1198E+02    0.1118E+02    0.7939E+00    0.7939E+00
   463    0.3536E+03    0.1203E+02    0.1138E+02    0.6474E+00    0.6474E+00
   464    0.3559E+03    0.1208E+02    0.1214E+02   -0.5506E-01   -0.5506E-01
   465    0.3583E+03    0.1213E+02    0.1257E+02   -0.4337E+00   -0.4337E+00
   466    0.3607E+03    0.1218E+02    0.1277E+02   -0.5959E+00   -0.5959E+00
   467    0.3630E+03    0.1222E+02    0.1281E+02   -0.5988E+00   -0.5988E+00
   468    0.3654E+03    0.1225E+02    0.1271E+02   -0.4594E+00   -0.4594E+00
   469    0.3678E+03    0.1227E+02    0.1246E+02   -0.1854E+00   -0.1854E+00
   470    0.3701E+03    0.1230E+02    0.1215E+02    0.1538E+00    0.1538E+00
   471    0.3725E+03    0.1232E+02    0.1199E+02    0.3256E+00    0.3256E+00
   472    0.3748E+03    0.1233E+02    0.1200E+02    0.3300E+00    0.3300E+00
   473    0.3772E+03    0.1233E+02    0.1192E+02    0.4169E+00    0.4169E+00
   474    0.3796E+03    0.1233E+02    0.1164E+02    0.6892E+00    0.6892E+00
   475    0.3819E+03    0.1232E+02    0.1118E+02    0.1144E+01    0.1144E+01
   476    0.3843E+03    0.1231E+02    0.1118E+02    0.1136E+01    0.1136E+01
   477    0.3867E+03    0.1230E+02    0.1160E+02    0.6993E+00    0.6993E+00
   478    0.3890E+03    0.1228E+02    0.1188E+02    0.3947E+00    0.3947E+00
   479    0.3914E+03    0.1226E+02    0.1206E+02    0.2008E+00    0.2008E+00
   480    0.3938E+03    0.1225E+02    0.1217E+02    0.7537E-01    0.7537E-01
   481    0.3961E+03    0.1224E+02    0.1226E+02   -0.1860E-01   -0.1860E-01
   482    0.3985E+03    0.1225E+02    0.1235E+02   -0.1024E+00   -0.1024E+00
   483    0.4009E+03    0.1226E+02    0.1242E+02   -0.1582E+00   -0.1582E+00
   484    0.4032E+03    0.1229E+02    0.1244E+02   -0.1477E+00   -0.1477E+00
   485    0.4056E+03    0.1233E+02    0.1239E+02   -0.5483E-01   -0.5483E-01
   486    0.4080E+03    0.1239E+02    0.1231E+02    0.7846E-01    0.7846E-01
   487    0.4103E+03    0.1244E+02    0.1230E+02    0.1452E+00    0.1452E+00
   488    0.4127E+03    0.1250E+02    0.1238E+02    0.1192E+00    0.1192E+00
   489    0.4151E+03    0.1256E+02    0.1246E+02    0.1040E+00    0.1040E+00
   490    0.4174E+03    0.1262E+02    0.1247E+02    0.1497E+00    0.1497E+00
   491    0.4198E+03    0.1267E+02    0.1245E+02    0.2195E+00    0.2195E+00
   492    0.4222E+03    0.1272E+02    0.1247E+02    0.2458E+00    0.2458E+00
   493    0.4245E+03    0.1275E+02    0.1252E+02    0.2314E+00    0.2314E+00
   494    0.4269E+03    0.1279E+02    0.1255E+02    0.2358E+00    0.2358E+00
   495    0.4293E+03    0.1281E+02    0.1253E+02    0.2767E+00    0.2767E+00
   496    0.4316E+03    0.1283E+02    0.1251E+02    0.3137E+00    0.3137E+00
   497    0.4340E+03    0.1284E+02    0.1253E+02    0.3101E+00    0.3101E+00
   498    0.4364E+03    0.1284E+02    0.1255E+02    0.2950E+00    0.2950E+00
   499    0.4387E+03    0.1285E+02    0.1254E+02    0.3087E+00    0.3087E+00
   500    0.4411E+03    0.1284E+02    0.1250E+02    0.3400E+00    0.3400E+00
   501    0.4435E+03    0.1283E+02    0.1249E+02    0.3460E+00    0.3460E+00
   502    0.4458E+03    0.1283E+02    0.1250E+02    0.3261E+00    0.3261E+00
   503    0.4482E+03    0.1282E+02    0.1249E+02    0.3233E+00    0.3233E+00
   504    0.4506E+03    0.1280E+02    0.1245E+02    0.3496E+00    0.3496E+00
   505    0.4529E+03    0.1279E+02    0.1242E+02    0.3677E+00    0.3677E+00
   506    0.4553E+03    0.1278E+02    0.1242E+02    0.3536E+00    0.3536E+00
   507    0.4577E+03    0.1276E+02    0.1242E+02    0.3399E+00    0.3399E+00
   508    0.4600E+03    0.1274E+02    0.1239E+02    0.3542E+00    0.3542E+00
   509    0.4624E+03    0.1272E+02    0.1234E+02    0.3713E+00    0.3713E+00
   510    0.4648E+03    0.1269E+02    0.1233E+02    0.3538E+00    0.3538E+00
   511    0.4671E+03    0.1265E+02    0.1233E+02    0.3211E+00    0.3211E+00
   512    0.4695E+03    0.1262E+02    0.1230E+02    0.3126E+00    0.3126E+00
   513    0.4719E+03    0.1257E+02    0.1226E+02    0.3175E+00    0.3175E+00
   514    0.4742E+03    0.1252E+02    0.1223E+02    0.2904E+00    0.2904E+00
   515    0.4766E+03    0.1246E+02    0.1223E+02    0.2323E+00    0.2323E+00
   516    0.4790E+03    0.1240E+02    0.1221E+02    0.1895E+00    0.1895E+00
   517    0.4813E+03    0.1233E+02    0.1216E+02    0.1690E+00    0.1690E+00
   518    0.4837E+03    0.1225E+02    0.1213E+02    0.1251E+00    0.1251E+00
   519    0.4861E+03    0.1216E+02    0.1212E+02    0.3995E-01    0.3995E-01
   520    0.4884E+03    0.1207E+02    0.1211E+02   -0.3979E-01   -0.3979E-01
   521    0.4908E+03    0.1197E+02    0.1206E+02   -0.8873E-01   -0.8873E-01
   522    0.4932E+03    0.1187E+02    0.1202E+02   -0.1468E+00   -0.1468E+00
   523    0.4955E+03    0.1176E+02    0.1201E+02   -0.2520E+00   -0.2520E+00
   524    0.4979E+03    0.1164E+02    0.1201E+02   -0.3678E+00   -0.3678E+00
   525    0.5003E+03    0.1151E+02    0.1196E+02   -0.4515E+00   -0.4515E+00
   526    0.5026E+03    0.1139E+02    0.1191E+02   -0.5232E+00   -0.5232E+00
   527    0.5050E+03    0.1127E+02    0.1190E+02   -0.6231E+00   -0.6231E+00
   528    0.5074E+03    0.1118E+02    0.1190E+02   -0.7177E+00   -0.7177E+00
   529    0.5097E+03    0.1112E+02    0.1186E+02   -0.7453E+00   -0.7453E+00
   530    0.5121E+03    0.1109E+02    0.1180E+02   -0.7085E+00   -0.7085E+00
   531    0.5145E+03    0.1112E+02    0.1178E+02   -0.6649E+00   -0.6649E+00
   532    0.5168E+03    0.1116E+02    0.1179E+02   -0.6255E+00   -0.6255E+00
   533    0.5192E+03    0.1121E+02    0.1176E+02   -0.5498E+00   -0.5498E+00
   534    0.5215E+03    0.1126E+02    0.1170E+02   -0.4397E+00   -0.4397E+00
   535    0.5239E+03    0.1132E+02    0.1167E+02   -0.3517E+00   -0.3517E+00
   536    0.5263E+03    0.1138E+02    0.1168E+02   -0.3012E+00   -0.3012E+00
   537    0.5286E+03    0.1144E+02    0.1167E+02   -0.2351E+00   -0.2351E+00
   538    0.5310E+03    0.1148E+02    0.1162E+02   -0.1389E+00   -0.1389E+00
   539    0.5334E+03    0.1151E+02    0.1158E+02   -0.6593E-01   -0.6593E-01
   540    0.5357E+03    0.1154E+02    0.1159E+02   -0.4306E-01   -0.4306E-01
   541    0.5381E+03    0.1158E+02    0.1159E+02   -0.8351E-02   -0.8351E-02
   542    0.5405E+03    0.1162E+02    0.1154E+02    0.7150E-01    0.7150E-01
   543    0.5428E+03    0.1164E+02    0.1150E+02    0.1425E+00    0.1425E+00
   544    0.5452E+03    0.1166E+02    0.1151E+02    0.1490E+00    0.1490E+00
   545    0.5476E+03    0.1167E+02    0.1153E+02    0.1420E+00    0.1420E+00
   546    0.5499E+03    0.1167E+02    0.1149E+02    0.1802E+00    0.1802E+00
   547    0.5523E+03    0.1168E+02    0.1144E+02    0.2332E+00    0.2332E+00
   548    0.5547E+03    0.1169E+02    0.1145E+02    0.2359E+00    0.2359E+00
   549    0.5570E+03    0.1170E+02    0.1148E+02    0.2192E+00    0.2192E+00
   550    0.5594E+03    0.1171E+02    0.1146E+02    0.2467E+00    0.2467E+00
   551    0.5618E+03    0.1171E+02    0.1141E+02    0.2980E+00    0.2980E+00
   552    0.5641E+03    0.1171E+02    0.1141E+02    0.2995E+00    0.2995E+00
   553    0.5665E+03    0.1171E+02    0.1144E+02    0.2663E+00    0.2663E+00
   554    0.5689E+03    0.1172E+02    0.1144E+02    0.2774E+00    0.2774E+00
   555    0.5712E+03    0.1173E+02    0.1140E+02    0.3326E+00    0.3326E+00
   556    0.5736E+03    0.1174E+02    0.1139E+02    0.3518E+00    0.3518E+00
   557    0.5760E+03    0.1174E+02    0.1142E+02    0.3186E+00    0.3186E+00
   558    0.5783E+03    0.1174E+02    0.1143E+02    0.3103E+00    0.3103E+00
   559    0.5807E+03    0.1175E+02    0.1139E+02    0.3533E+00    0.3533E+00
   560    0.5831E+03    0.1176E+02    0.1137E+02    0.3844E+00    0.3844E+00
   561    0.5854E+03    0.1177E+02    0.1141E+02    0.3673E+00    0.3673E+00
   562    0.5878E+03    0.1179E+02    0.1142E+02    0.3630E+00    0.3630E+00
   563    0.5902E+03    0.1179E+02    0.1139E+02    0.4028E+00    0.4028E+00
   564    0.5925E+03    0.1180E+02    0.1137E+02    0.4350E+00    0.4350E+00
   565    0.5949E+03    0.1181E+02    0.1139E+02    0.4190E+00    0.4190E+00
   566    0.5973E+03    0.1183E+02    0.1142E+02    0.4104E+00    0.4104E+00
   567    0.5996E+03    0.1184E+02    0.1139E+02    0.4464E+00    0.4464E+00
   568    0.6020E+03    0.1184E+02    0.1136E+02    0.4797E+00    0.4797E+00
   569    0.6044E+03    0.1184E+02    0.1138E+02    0.4625E+00    0.4625E+00
C 
   570    0.1000E+01    0.1492E+02    0.1472E+02    0.1955E+00    0.1955E+00
   571    0.3366E+01    0.1480E+02    0.1459E+02    0.2067E+00    0.2067E+00
   572    0.5732E+01    0.1457E+02    0.1437E+02    0.1960E+00    0.1960E+00
   573    0.8098E+01    0.1430E+02    0.1422E+02    0.7958E-01    0.7958E-01
   574    0.1046E+02    0.1424E+02    0.1425E+02   -0.9849E-02   -0.9849E-02
   575    0.1283E+02    0.1435E+02    0.1427E+02    0.8088E-01    0.8088E-01
   576    0.1520E+02    0.1443E+02    0.1421E+02    0.2249E+00    0.2249E+00
   577    0.1756E+02    0.1443E+02    0.1412E+02    0.3173E+00    0.3173E+00
   578    0.1993E+02    0.1439E+02    0.1411E+02    0.2868E+00    0.2868E+00
   579    0.2230E+02    0.1435E+02    0.1413E+02    0.2213E+00    0.2213E+00
   580    0.2466E+02    0.1432E+02    0.1409E+02    0.2326E+00    0.2326E+00
   581    0.2703E+02    0.1430E+02    0.1400E+02    0.3000E+00    0.3000E+00
   582    0.2939E+02    0.1426E+02    0.1397E+02    0.2885E+00    0.2885E+00
   583    0.3176E+02    0.1423E+02    0.1406E+02    0.1652E+00    0.1652E+00
   584    0.3413E+02    0.1420E+02    0.1413E+02    0.7475E-01    0.7475E-01
   585    0.3649E+02    0.1418E+02    0.1408E+02    0.1039E+00    0.1039E+00
   586    0.3886E+02    0.1417E+02    0.1390E+02    0.2660E+00    0.2660E+00
   587    0.4122E+02    0.1415E+02    0.1363E+02    0.5204E+00    0.5204E+00
   588    0.4359E+02    0.1411E+02    0.1342E+02    0.6923E+00    0.6923E+00
   589    0.4596E+02    0.1407E+02    0.1342E+02    0.6499E+00    0.6499E+00
   590    0.4832E+02    0.1403E+02    0.1342E+02    0.6022E+00    0.6022E+00
   591    0.5069E+02    0.1399E+02    0.1333E+02    0.6630E+00    0.6630E+00
   592    0.5305E+02    0.1396E+02    0.1319E+02    0.7734E+00    0.7734E+00
   593    0.5542E+02    0.1393E+02    0.1312E+02    0.8082E+00    0.8082E+00
   594    0.5779E+02    0.1390E+02    0.1311E+02    0.7896E+00    0.7896E+00
   595    0.6015E+02    0.1387E+02    0.1305E+02    0.8160E+00    0.8160E+00
   596    0.6252E+02    0.1383E+02    0.1296E+02    0.8685E+00    0.8685E+00
   597    0.6489E+02    0.1380E+02    0.1294E+02    0.8567E+00    0.8567E+00
   598    0.6725E+02    0.1376E+02    0.1296E+02    0.8073E+00    0.8073E+00
   599    0.6962E+02    0.1374E+02    0.1293E+02    0.8046E+00    0.8046E+00
   600    0.7198E+02    0.1370E+02    0.1288E+02    0.8289E+00    0.8289E+00
   601    0.7435E+02    0.1367E+02    0.1287E+02    0.8012E+00    0.8012E+00
   602    0.7672E+02    0.1363E+02    0.1289E+02    0.7397E+00    0.7397E+00
   603    0.7908E+02    0.1359E+02    0.1287E+02    0.7163E+00    0.7163E+00
   604    0.8145E+02    0.1354E+02    0.1282E+02    0.7199E+00    0.7199E+00
   605    0.8381E+02    0.1350E+02    0.1281E+02    0.6859E+00    0.6859E+00
   606    0.8618E+02    0.1346E+02    0.1283E+02    0.6267E+00    0.6267E+00
   607    0.8855E+02    0.1342E+02    0.1281E+02    0.6012E+00    0.6012E+00
   608    0.9091E+02    0.1337E+02    0.1277E+02    0.5983E+00    0.5983E+00
   609    0.9328E+02    0.1332E+02    0.1276E+02    0.5612E+00    0.5612E+00
   610    0.9565E+02    0.1328E+02    0.1277E+02    0.5039E+00    0.5039E+00
   611    0.9801E+02    0.1324E+02    0.1276E+02    0.4838E+00    0.4838E+00
   612    0.1004E+03    0.1320E+02    0.1271E+02    0.4914E+00    0.4914E+00
   613    0.1027E+03    0.1317E+02    0.1270E+02    0.4712E+00    0.4712E+00
   614    0.1051E+03    0.1315E+02    0.1271E+02    0.4330E+00    0.4330E+00
   615    0.1075E+03    0.1312E+02    0.1269E+02    0.4286E+00    0.4286E+00
   616    0.1098E+03    0.1310E+02    0.1265E+02    0.4486E+00    0.4486E+00
   617    0.1122E+03    0.1308E+02    0.1264E+02    0.4409E+00    0.4409E+00
   618    0.1146E+03    0.1306E+02    0.1265E+02    0.4159E+00    0.4159E+00
   619    0.1169E+03    0.1305E+02    0.1263E+02    0.4253E+00    0.4253E+00
   620    0.1193E+03    0.1305E+02    0.1259E+02    0.4606E+00    0.4606E+00
   621    0.1217E+03    0.1304E+02    0.1257E+02    0.4692E+00    0.4692E+00
   622    0.1240E+03    0.1304E+02    0.1258E+02    0.4569E+00    0.4569E+00
   623    0.1264E+03    0.1303E+02    0.1256E+02    0.4720E+00    0.4720E+00
   624    0.1288E+03    0.1303E+02    0.1252E+02    0.5073E+00    0.5073E+00
   625    0.1311E+03    0.1302E+02    0.1250E+02    0.5133E+00    0.5133E+00
   626    0.1335E+03    0.1301E+02    0.1251E+02    0.4971E+00    0.4971E+00
   627    0.1359E+03    0.1300E+02    0.1249E+02    0.5059E+00    0.5059E+00
   628    0.1382E+03    0.1298E+02    0.1245E+02    0.5322E+00    0.5322E+00
   629    0.1406E+03    0.1296E+02    0.1243E+02    0.5266E+00    0.5266E+00
   630    0.1430E+03    0.1293E+02    0.1244E+02    0.4964E+00    0.4964E+00
   631    0.1453E+03    0.1291E+02    0.1242E+02    0.4897E+00    0.4897E+00
   632    0.1477E+03    0.1287E+02    0.1237E+02    0.5004E+00    0.5004E+00
   633    0.1501E+03    0.1284E+02    0.1236E+02    0.4801E+00    0.4801E+00
   634    0.1524E+03    0.1280E+02    0.1236E+02    0.4366E+00    0.4366E+00
   635    0.1548E+03    0.1276E+02    0.1234E+02    0.4188E+00    0.4188E+00
   636    0.1572E+03    0.1272E+02    0.1230E+02    0.4196E+00    0.4196E+00
   637    0.1595E+03    0.1267E+02    0.1228E+02    0.3886E+00    0.3886E+00
   638    0.1619E+03    0.1262E+02    0.1229E+02    0.3319E+00    0.3319E+00
   639    0.1643E+03    0.1256E+02    0.1226E+02    0.3000E+00    0.3000E+00
   640    0.1666E+03    0.1251E+02    0.1222E+02    0.2879E+00    0.2879E+00
   641    0.1690E+03    0.1245E+02    0.1220E+02    0.2451E+00    0.2451E+00
   642    0.1714E+03    0.1238E+02    0.1221E+02    0.1765E+00    0.1765E+00
   643    0.1737E+03    0.1232E+02    0.1219E+02    0.1347E+00    0.1347E+00
   644    0.1761E+03    0.1226E+02    0.1214E+02    0.1185E+00    0.1185E+00
   645    0.1785E+03    0.1220E+02    0.1212E+02    0.7631E-01    0.7631E-01
   646    0.1808E+03    0.1214E+02    0.1213E+02    0.7516E-02    0.7516E-02
   647    0.1832E+03    0.1207E+02    0.1211E+02   -0.3974E-01   -0.3974E-01
   648    0.1856E+03    0.1200E+02    0.1207E+02   -0.6561E-01   -0.6561E-01
   649    0.1879E+03    0.1193E+02    0.1205E+02   -0.1172E+00   -0.1172E+00
   650    0.1903E+03    0.1186E+02    0.1205E+02   -0.1902E+00   -0.1902E+00
   651    0.1927E+03    0.1180E+02    0.1203E+02   -0.2306E+00   -0.2306E+00
   652    0.1950E+03    0.1175E+02    0.1199E+02   -0.2363E+00   -0.2363E+00
   653    0.1974E+03    0.1171E+02    0.1197E+02   -0.2611E+00   -0.2611E+00
   654    0.1998E+03    0.1166E+02    0.1197E+02   -0.3121E+00   -0.3121E+00
   655    0.2021E+03    0.1161E+02    0.1196E+02   -0.3417E+00   -0.3417E+00
   656    0.2045E+03    0.1157E+02    0.1191E+02   -0.3435E+00   -0.3435E+00
   657    0.2069E+03    0.1153E+02    0.1190E+02   -0.3625E+00   -0.3625E+00
   658    0.2092E+03    0.1150E+02    0.1190E+02   -0.4008E+00   -0.4008E+00
   659    0.2116E+03    0.1148E+02    0.1188E+02   -0.4070E+00   -0.4070E+00
   660    0.2140E+03    0.1147E+02    0.1184E+02   -0.3757E+00   -0.3757E+00
   661    0.2163E+03    0.1146E+02    0.1182E+02   -0.3619E+00   -0.3619E+00
   662    0.2187E+03    0.1145E+02    0.1183E+02   -0.3824E+00   -0.3824E+00
   663    0.2211E+03    0.1142E+02    0.1181E+02   -0.3902E+00   -0.3902E+00
   664    0.2234E+03    0.1141E+02    0.1178E+02   -0.3660E+00   -0.3660E+00
   665    0.2258E+03    0.1141E+02    0.1176E+02   -0.3487E+00   -0.3487E+00
   666    0.2281E+03    0.1140E+02    0.1176E+02   -0.3605E+00   -0.3605E+00
   667    0.2305E+03    0.1138E+02    0.1175E+02   -0.3727E+00   -0.3727E+00
   668    0.2329E+03    0.1135E+02    0.1172E+02   -0.3700E+00   -0.3700E+00
   669    0.2352E+03    0.1132E+02    0.1170E+02   -0.3739E+00   -0.3739E+00
   670    0.2376E+03    0.1131E+02    0.1170E+02   -0.3929E+00   -0.3929E+00
   671    0.2400E+03    0.1128E+02    0.1169E+02   -0.4087E+00   -0.4087E+00
   672    0.2423E+03    0.1124E+02    0.1166E+02   -0.4228E+00   -0.4228E+00
   673    0.2447E+03    0.1118E+02    0.1164E+02   -0.4584E+00   -0.4584E+00
   674    0.2471E+03    0.1114E+02    0.1165E+02   -0.5097E+00   -0.5097E+00
   675    0.2494E+03    0.1109E+02    0.1164E+02   -0.5471E+00   -0.5471E+00
   676    0.2518E+03    0.1104E+02    0.1161E+02   -0.5728E+00   -0.5728E+00
   677    0.2542E+03    0.1098E+02    0.1159E+02   -0.6170E+00   -0.6170E+00
   678    0.2565E+03    0.1091E+02    0.1160E+02   -0.6885E+00   -0.6885E+00
   679    0.2589E+03    0.1082E+02    0.1159E+02   -0.7707E+00   -0.7707E+00
   680    0.2613E+03    0.1071E+02    0.1157E+02   -0.8562E+00   -0.8562E+00
   681    0.2636E+03    0.1062E+02    0.1155E+02   -0.9305E+00   -0.9305E+00
   682    0.2660E+03    0.1059E+02    0.1155E+02   -0.9562E+00   -0.9562E+00
   683    0.2684E+03    0.1062E+02    0.1154E+02   -0.9250E+00   -0.9250E+00
   684    0.2707E+03    0.1067E+02    0.1153E+02   -0.8557E+00   -0.8557E+00
   685    0.2731E+03    0.1076E+02    0.1151E+02   -0.7557E+00   -0.7557E+00
   686    0.2755E+03    0.1087E+02    0.1151E+02   -0.6331E+00   -0.6331E+00
   687    0.2778E+03    0.1099E+02    0.1150E+02   -0.5064E+00   -0.5064E+00
   688    0.2802E+03    0.1110E+02    0.1149E+02   -0.3895E+00   -0.3895E+00
   689    0.2826E+03    0.1120E+02    0.1148E+02   -0.2800E+00   -0.2800E+00
   690    0.2849E+03    0.1130E+02    0.1147E+02   -0.1676E+00   -0.1676E+00
   691    0.2873E+03    0.1140E+02    0.1146E+02   -0.5741E-01   -0.5741E-01
   692    0.2897E+03    0.1149E+02    0.1145E+02    0.3525E-01    0.3525E-01
   693    0.2920E+03    0.1156E+02    0.1145E+02    0.1125E+00    0.1125E+00
   694    0.2944E+03    0.1161E+02    0.1143E+02    0.1848E+00    0.1848E+00
   695    0.2968E+03    0.1166E+02    0.1141E+02    0.2417E+00    0.2417E+00
   696    0.2991E+03    0.1169E+02    0.1142E+02    0.2734E+00    0.2734E+00
   697    0.3015E+03    0.1172E+02    0.1142E+02    0.3047E+00    0.3047E+00
   698    0.3039E+03    0.1174E+02    0.1139E+02    0.3512E+00    0.3512E+00
   699    0.3062E+03    0.1174E+02    0.1137E+02    0.3743E+00    0.3743E+00
   700    0.3086E+03    0.1173E+02    0.1139E+02    0.3436E+00    0.3436E+00
   701    0.3110E+03    0.1171E+02    0.1139E+02    0.3131E+00    0.3131E+00
   702    0.3133E+03    0.1168E+02    0.1135E+02    0.3268E+00    0.3268E+00
   703    0.3157E+03    0.1165E+02    0.1132E+02    0.3283E+00    0.3283E+00
   704    0.3181E+03    0.1161E+02    0.1135E+02    0.2587E+00    0.2587E+00
   705    0.3204E+03    0.1157E+02    0.1137E+02    0.2028E+00    0.2028E+00
   706    0.3228E+03    0.1154E+02    0.1131E+02    0.2320E+00    0.2320E+00
   707    0.3252E+03    0.1151E+02    0.1125E+02    0.2592E+00    0.2592E+00
   708    0.3275E+03    0.1149E+02    0.1132E+02    0.1736E+00    0.1736E+00
   709    0.3299E+03    0.1148E+02    0.1136E+02    0.1186E+00    0.1186E+00
   710    0.3323E+03    0.1148E+02    0.1126E+02    0.2169E+00    0.2169E+00
   711    0.3346E+03    0.1150E+02    0.1116E+02    0.3431E+00    0.3431E+00
   712    0.3370E+03    0.1155E+02    0.1128E+02    0.2680E+00    0.2680E+00
   713    0.3394E+03    0.1161E+02    0.1137E+02    0.2457E+00    0.2457E+00
   714    0.3417E+03    0.1169E+02    0.1121E+02    0.4782E+00    0.4782E+00
   715    0.3441E+03    0.1177E+02    0.1097E+02    0.8041E+00    0.8041E+00
   716    0.3465E+03    0.1185E+02    0.1124E+02    0.6054E+00    0.6054E+00
   717    0.3488E+03    0.1192E+02    0.1142E+02    0.5012E+00    0.5012E+00
   718    0.3512E+03    0.1198E+02    0.1118E+02    0.7939E+00    0.7939E+00
   719    0.3536E+03    0.1203E+02    0.1138E+02    0.6474E+00    0.6474E+00
   720    0.3559E+03    0.1208E+02    0.1214E+02   -0.5506E-01   -0.5506E-01
   721    0.3583E+03    0.1213E+02    0.1257E+02   -0.4337E+00   -0.4337E+00
   722    0.3607E+03    0.1218E+02    0.1277E+02   -0.5959E+00   -0.5959E+00
   723    0.3630E+03    0.1222E+02    0.1281E+02   -0.5988E+00   -0.5988E+00
   724    0.3654E+03    0.1225E+02    0.1271E+02   -0.4594E+00   -0.4594E+00
   725    0.3678E+03    0.1227E+02    0.1246E+02   -0.1854E+00   -0.1854E+00
   726    0.3701E+03    0.1230E+02    0.1215E+02    0.1538E+00    0.1538E+00
   727    0.3725E+03    0.1232E+02    0.1199E+02    0.3256E+00    0.3256E+00
   728    0.3748E+03    0.1233E+02    0.1200E+02    0.3300E+00    0.3300E+00
   729    0.3772E+03    0.1233E+02    0.1192E+02    0.4169E+00    0.4169E+00
   730    0.3796E+03    0.1233E+02    0.1164E+02    0.6892E+00    0.6892E+00
   731    0.3819E+03    0.1232E+02    0.1118E+02    0.1144E+01    0.1144E+01
   732    0.3843E+03    0.1231E+02    0.1118E+02    0.1136E+01    0.1136E+01
   733    0.3867E+03    0.1230E+02    0.1160E+02    0.6993E+00    0.6993E+00
   734    0.3890E+03    0.1228E+02    0.1188E+02    0.3947E+00    0.3947E+00
   735    0.3914E+03    0.1226E+02    0.1206E+02    0.2008E+00    0.2008E+00
   736    0.3938E+03    0.1225E+02    0.1217E+02    0.7537E-01    0.7537E-01
   737    0.3961E+03    0.1224E+02    0.1226E+02   -0.1860E-01   -0.1860E-01
   738    0.3985E+03    0.1225E+02    0.1235E+02   -0.1024E+00   -0.1024E+00
   739    0.4009E+03    0.1226E+02    0.1242E+02   -0.1582E+00   -0.1582E+00
   740    0.4032E+03    0.1229E+02    0.1244E+02   -0.1477E+00   -0.1477E+00
   741    0.4056E+03    0.1233E+02    0.1239E+02   -0.5483E-01   -0.5483E-01
   742    0.4080E+03    0.1239E+02    0.1231E+02    0.7846E-01    0.7846E-01
   743    0.4103E+03    0.1244E+02    0.1230E+02    0.1452E+00    0.1452E+00
   744    0.4127E+03    0.1250E+02    0.1238E+02    0.1192E+00    0.1192E+00
   745    0.4151E+03    0.1256E+02    0.1246E+02    0.1040E+00    0.1040E+00
   746    0.4174E+03    0.1262E+02    0.1247E+02    0.1497E+00    0.1497E+00
   747    0.4198E+03    0.1267E+02    0.1245E+02    0.2195E+00    0.2195E+00
   748    0.4222E+03    0.1272E+02    0.1247E+02    0.2458E+00    0.2458E+00
   749    0.4245E+03    0.1275E+02    0.1252E+02    0.2314E+00    0.2314E+00
   750    0.4269E+03    0.1279E+02    0.1255E+02    0.2358E+00    0.2358E+00
   751    0.4293E+03    0.1281E+02    0.1253E+02    0.2767E+00    0.2767E+00
   752    0.4316E+03    0.1283E+02    0.1251E+02    0.3137E+00    0.3137E+00
   753    0.4340E+03    0.1284E+02    0.1253E+02    0.3101E+00    0.3101E+00
   754    0.4364E+03    0.1284E+02    0.1255E+02    0.2950E+00    0.2950E+00
   755    0.4387E+03    0.1285E+02    0.1254E+02    0.3087E+00    0.3087E+00
   756    0.4411E+03    0.1284E+02    0.1250E+02    0.3400E+00    0.3400E+00
   757    0.4435E+03    0.1283E+02    0.1249E+02    0.3460E+00    0.3460E+00
   758    0.4458E+03    0.1283E+02    0.1250E+02    0.3261E+00    0.3261E+00
   759    0.4482E+03    0.1282E+02    0.1249E+02    0.3233E+00    0.3233E+00
   760    0.4506E+03    0.1280E+02    0.1245E+02    0.3496E+00    0.3496E+00
   761    0.4529E+03    0.1279E+02    0.1242E+02    0.3677E+00    0.3677E+00
   762    0.4553E+03    0.1278E+02    0.1242E+02    0.3536E+00    0.3536E+00
   763    0.4577E+03    0.1276E+02    0.1242E+02    0.3399E+00    0.3399E+00
   764    0.4600E+03    0.1274E+02    0.1239E+02    0.3542E+00    0.3542E+00
   765    0.4624E+03    0.1272E+02    0.1234E+02    0.3713E+00    0.3713E+00
   766    0.4648E+03    0.1269E+02    0.1233E+02    0.3538E+00    0.3538E+00
   767    0.4671E+03    0.1265E+02    0.1233E+02    0.3211E+00    0.3211E+00
   768    0.4695E+03    0.1262E+02    0.1230E+02    0.3126E+00    0.3126E+00
   769    0.4719E+03    0.1257E+02    0.1226E+02    0.3175E+00    0.3175E+00
   770    0.4742E+03    0.1252E+02    0.1223E+02    0.2904E+00    0.2904E+00
   771    0.4766E+03    0.1246E+02    0.1223E+02    0.2323E+00    0.2323E+00
   772    0.4790E+03    0.1240E+02    0.1221E+02    0.1895E+00    0.1895E+00
   773    0.4813E+03    0.1233E+02    0.1216E+02    0.1690E+00    0.1690E+00
   774    0.4837E+03    0.1225E+02    0.1213E+02    0.1251E+00    0.1251E+00
   775    0.4861E+03    0.1216E+02    0.1212E+02    0.3995E-01    0.3995E-01
   776    0.4884E+03    0.1207E+02    0.1211E+02   -0.3979E-01   -0.3979E-01
   777    0.4908E+03    0.1197E+02    0.1206E+02   -0.8873E-01   -0.8873E-01
   778    0.4932E+03    0.1187E+02    0.1202E+02   -0.1468E+00   -0.1468E+00
   779    0.4955E+03    0.1176E+02    0.1201E+02   -0.2520E+00   -0.2520E+00
   780    0.4979E+03    0.1164E+02    0.1201E+02   -0.3678E+00   -0.3678E+00
   781    0.5003E+03    0.1151E+02    0.1196E+02   -0.4515E+00   -0.4515E+00
   782    0.5026E+03    0.1139E+02    0.1191E+02   -0.5232E+00   -0.5232E+00
   783    0.5050E+03    0.1127E+02    0.1190E+02   -0.6231E+00   -0.6231E+00
   784    0.5074E+03    0.1118E+02    0.1190E+02   -0.7177E+00   -0.7177E+00
   785    0.5097E+03    0.1112E+02    0.1186E+02   -0.7453E+00   -0.7453E+00
   786    0.5121E+03    0.1109E+02    0.1180E+02   -0.7085E+00   -0.7085E+00
   787    0.5145E+03    0.1112E+02    0.1178E+02   -0.6649E+00   -0.6649E+00
   788    0.5168E+03    0.1116E+02    0.1179E+02   -0.6255E+00   -0.6255E+00
   789    0.5192E+03    0.1121E+02    0.1176E+02   -0.5498E+00   -0.5498E+00
   790    0.5215E+03    0.1126E+02    0.1170E+02   -0.4397E+00   -0.4397E+00
   791    0.5239E+03    0.1132E+02    0.1167E+02   -0.3517E+00   -0.3517E+00
   792    0.5263E+03    0.1138E+02    0.1168E+02   -0.3012E+00   -0.3012E+00
   793    0.5286E+03    0.1144E+02    0.1167E+02   -0.2351E+00   -0.2351E+00
   794    0.5310E+03    0.1148E+02    0.1162E+02   -0.1389E+00   -0.1389E+00
   795    0.5334E+03    0.1151E+02    0.1158E+02   -0.6593E-01   -0.6593E-01
   796    0.5357E+03    0.1154E+02    0.1159E+02   -0.4306E-01   -0.4306E-01
   797    0.5381E+03    0.1158E+02    0.1159E+02   -0.8351E-02   -0.8351E-02
   798    0.5405E+03    0.1162E+02    0.1154E+02    0.7150E-01    0.7150E-01
   799    0.5428E+03    0.1164E+02    0.1150E+02    0.1425E+00    0.1425E+00
   800    0.5452E+03    0.1166E+02    0.1151E+02    0.1490E+00    0.1490E+00
   801    0.5476E+03    0.1167E+02    0.1153E+02    0.1420E+00    0.1420E+00
   802    0.5499E+03    0.1167E+02    0.1149E+02    0.1802E+00    0.1802E+00
   803    0.5523E+03    0.1168E+02    0.1144E+02    0.2332E+00    0.2332E+00
   804    0.5547E+03    0.1169E+02    0.1145E+02    0.2359E+00    0.2359E+00
   805    0.5570E+03    0.1170E+02    0.1148E+02    0.2192E+00    0.2192E+00
   806    0.5594E+03    0.1171E+02    0.1146E+02    0.2467E+00    0.2467E+00
   807    0.5618E+03    0.1171E+02    0.1141E+02    0.2980E+00    0.2980E+00
   808    0.5641E+03    0.1171E+02    0.1141E+02    0.2995E+00    0.2995E+00
   809    0.5665E+03    0.1171E+02    0.1144E+02    0.2663E+00    0.2663E+00
   810    0.5689E+03    0.1172E+02    0.1144E+02    0.2774E+00    0.2774E+00
   811    0.5712E+03    0.1173E+02    0.1140E+02    0.3326E+00    0.3326E+00
   812    0.5736E+03    0.1174E+02    0.1139E+02    0.3518E+00    0.3518E+00
   813    0.5760E+03    0.1174E+02    0.1142E+02    0.3186E+00    0.3186E+00
   814    0.5783E+03    0.1174E+02    0.1143E+02    0.3103E+00    0.3103E+00
   815    0.5807E+03    0.1175E+02    0.1139E+02    0.3533E+00    0.3533E+00
   816    0.5831E+03    0.1176E+02    0.1137E+02    0.3844E+00    0.3844E+00
   817    0.5854E+03    0.1177E+02    0.1141E+02    0.3673E+00    0.3673E+00
   818    0.5878E+03    0.1179E+02    0.1142E+02    0.3630E+00    0.3630E+00
   819    0.5902E+03    0.1179E+02    0.1139E+02    0.4028E+00    0.4028E+00
   820    0.5925E+03    0.1180E+02    0.1137E+02    0.4350E+00    0.4350E+00
   821    0.5949E+03    0.1181E+02    0.1139E+02    0.4190E+00    0.4190E+00
   822    0.5973E+03    0.1183E+02    0.1142E+02    0.4104E+00    0.4104E+00
   823    0.5996E+03    0.1184E+02    0.1139E+02    0.4464E+00    0.4464E+00
   824    0.6020E+03    0.1184E+02    0.1136E+02    0.4797E+00    0.4797E+00
   825    0.6044E+03    0.1184E+02    0.1138E+02    0.4625E+00    0.4625E+00
C 
   826    0.1000E+01    0.1492E+02    0.1472E+02    0.1955E+00    0.1955E+00
   827    0.3366E+01    0.1480E+02    0.1459E+02    0.2067E+00    0.2067E+00
   828    0.5732E+01    0.1457E+02    0.1437E+02    0.1960E+00    0.1960E+00
   829    0.8098E+01    0.1430E+02    0.1422E+02    0.7958E-01    0.7958E-01
   830    0.1046E+02    0.1424E+02    0.1425E+02   -0.9849E-02   -0.9849E-02
   831    0.1283E+02    0.1435E+02    0.1427E+02    0.8088E-01    0.8088E-01
   832    0.1520E+02    0.1443E+02    0.1421E+02    0.2249E+00    0.2249E+00
   833    0.1756E+02    0.1443E+02    0.1412E+02    0.3173E+00    0.3173E+00
   834    0.1993E+02    0.1439E+02    0.1411E+02    0.2868E+00    0.2868E+00
   835    0.2230E+02    0.1435E+02    0.1413E+02    0.2213E+00    0.2213E+00
   836    0.2466E+02    0.1432E+02    0.1409E+02    0.2326E+00    0.2326E+00
   837    0.2703E+02    0.1430E+02    0.1400E+02    0.3000E+00    0.3000E+00
   838    0.2939E+02    0.1426E+02    0.1397E+02    0.2885E+00    0.2885E+00
   839    0.3176E+02    0.1423E+02    0.1406E+02    0.1652E+00    0.1652E+00
   840    0.3413E+02    0.1420E+02    0.1413E+02    0.7475E-01    0.7475E-01
   841    0.3649E+02    0.1418E+02    0.1408E+02    0.1039E+00    0.1039E+00
   842    0.3886E+02    0.1417E+02    0.1390E+02    0.2660E+00    0.2660E+00
   843    0.4122E+02    0.1415E+02    0.1363E+02    0.5204E+00    0.5204E+00
   844    0.4359E+02    0.1411E+02    0.1342E+02    0.6923E+00    0.6923E+00
   845    0.4596E+02    0.1407E+02    0.1342E+02    0.6499E+00    0.6499E+00
   846    0.4832E+02    0.1403E+02    0.1342E+02    0.6022E+00    0.6022E+00
   847    0.5069E+02    0.1399E+02    0.1333E+02    0.6630E+00    0.6630E+00
   848    0.5305E+02    0.1396E+02    0.1319E+02    0.7734E+00    0.7734E+00
   849    0.5542E+02    0.1393E+02    0.1312E+02    0.8082E+00    0.8082E+00
   850    0.5779E+02    0.1390E+02    0.1311E+02    0.7896E+00    0.7896E+00
   851    0.6015E+02    0.1387E+02    0.1305E+02    0.8160E+00    0.8160E+00
   852    0.6252E+02    0.1383E+02    0.1296E+02    0.8685E+00    0.8685E+00
   853    0.6489E+02    0.1380E+02    0.1294E+02    0.8567E+00    0.8567E+00
   854    0.6725E+02    0.1376E+02    0.1296E+02    0.8073E+00    0.8073E+00
   855    0.6962E+02    0.1374E+02    0.1293E+02    0.8046E+00    0.8046E+00
   856    0.7198E+02    0.1370E+02    0.1288E+02    0.8289E+00    0.8289E+00
   857    0.7435E+02    0.1367E+02    0.1287E+02    0.8012E+00    0.8012E+00
   858    0.7672E+02    0.1363E+02    0.1289E+02    0.7397E+00    0.7397E+00
   859    0.7908E+02    0.1359E+02    0.1287E+02    0.7163E+00    0.7163E+00
   860    0.8145E+02    0.1354E+02    0.1282E+02    0.7199E+00    0.7199E+00
   861    0.8381E+02    0.1350E+02    0.1281E+02    0.6859E+00    0.6859E+00
   862    0.8618E+02    0.1346E+02    0.1283E+02    0.6267E+00    0.6267E+00
   863    0.8855E+02    0.1342E+02    0.1281E+02    0.6012E+00    0.6012E+00
   864    0.9091E+02    0.1337E+02    0.1277E+02    0.5983E+00    0.5983E+00
   865    0.9328E+02    0.1332E+02    0.1276E+02    0.5612E+00    0.5612E+00
   866    0.9565E+02    0.1328E+02    0.1277E+02    0.5039E+00    0.5039E+00
   867    0.9801E+02    0.1324E+02    0.1276E+02    0.4838E+00    0.4838E+00
   868    0.1004E+03    0.1320E+02    0.1271E+02    0.4914E+00    0.4914E+00
   869    0.1027E+03    0.1317E+02    0.1270E+02    0.4712E+00    0.4712E+00
   870    0.1051E+03    0.1315E+02    0.1271E+02    0.4330E+00    0.4330E+00
   871    0.1075E+03    0.1312E+02    0.1269E+02    0.4286E+00    0.4286E+00
   872    0.1098E+03    0.1310E+02    0.1265E+02    0.4486E+00    0.4486E+00
   873    0.1122E+03    0.1308E+02    0.1264E+02    0.4409E+00    0.4409E+00
   874    0.1146E+03    0.1306E+02    0.1265E+02    0.4159E+00    0.4159E+00
   875    0.1169E+03    0.1305E+02    0.1263E+02    0.4253E+00    0.4253E+00
   876    0.1193E+03    0.1305E+02    0.1259E+02    0.4606E+00    0.4606E+00
   877    0.1217E+03    0.1304E+02    0.1257E+02    0.4692E+00    0.4692E+00
   878    0.1240E+03    0.1304E+02    0.1258E+02    0.4569E+00    0.4569E+00
   879    0.1264E+03    0.1303E+02    0.1256E+02    0.4720E+00    0.4720E+00
   880    0.1288E+03    0.1303E+02    0.1252E+02    0.5073E+00    0.5073E+00
   881    0.1311E+03    0.1302E+02    0.1250E+02    0.5133E+00    0.5133E+00
   882    0.1335E+03    0.1301E+02    0.1251E+02    0.4971E+00    0.4971E+00
   883    0.1359E+03    0.1300E+02    0.1249E+02    0.5059E+00    0.5059E+00
   884    0.1382E+03    0.1298E+02    0.1245E+02    0.5322E+00    0.5322E+00
   885    0.1406E+03    0.1296E+02    0.1243E+02    0.5266E+00    0.5266E+00
   886    0.1430E+03    0.1293E+02    0.1244E+02    0.4964E+00    0.4964E+00
   887    0.1453E+03    0.1291E+02    0.1242E+02    0.4897E+00    0.4897E+00
   888    0.1477E+03    0.1287E+02    0.1237E+02    0.5004E+00    0.5004E+00
   889    0.1501E+03    0.1284E+02    0.1236E+02    0.4801E+00    0.4801E+00
   890    0.1524E+03    0.1280E+02    0.1236E+02    0.4366E+00    0.4366E+00
   891    0.1548E+03    0.1276E+02    0.1234E+02    0.4188E+00    0.4188E+00
   892    0.1572E+03    0.1272E+02    0.1230E+02    0.4196E+00    0.4196E+00
   893    0.1595E+03    0.1267E+02    0.1228E+02    0.3886E+00    0.3886E+00
   894    0.1619E+03    0.1262E+02    0.1229E+02    0.3319E+00    0.3319E+00
   895    0.1643E+03    0.1256E+02    0.1226E+02    0.3000E+00    0.3000E+00
   896    0.1666E+03    0.1251E+02    0.1222E+02    0.2879E+00    0.2879E+00
   897    0.1690E+03    0.1245E+02    0.1220E+02    0.2451E+00    0.2451E+00
   898    0.1714E+03    0.1238E+02    0.1221E+02    0.1765E+00    0.1765E+00
   899    0.1737E+03    0.1232E+02    0.1219E+02    0.1347E+00    0.1347E+00
   900    0.1761E+03    0.1226E+02    0.1214E+02    0.1185E+00    0.1185E+00
   901    0.1785E+03    0.1220E+02    0.1212E+02    0.7631E-01    0.7631E-01
   902    0.1808E+03    0.1214E+02    0.1213E+02    0.7516E-02    0.7516E-02
   903    0.1832E+03    0.1207E+02    0.1211E+02   -0.3974E-01   -0.3974E-01
   904    0.1856E+03    0.1200E+02    0.1207E+02   -0.6561E-01   -0.6561E-01
   905    0.1879E+03    0.1193E+02    0.1205E+02   -0.1172E+00   -0.1172E+00
   906    0.1903E+03    0.1186E+02    0.1205E+02   -0.1902E+00   -0.1902E+00
   907    0.1927E+03    0.1180E+02    0.1203E+02   -0.2306E+00   -0.2306E+00
   908    0.1950E+03    0.1175E+02    0.1199E+02   -0.2363E+00   -0.2363E+00
   909    0.1974E+03    0.1171E+02    0.1197E+02   -0.2611E+00   -0.2611E+00
   910    0.1998E+03    0.1166E+02    0.1197E+02   -0.3121E+00   -0.3121E+00
   911    0.2021E+03    0.1161E+02    0.1196E+02   -0.3417E+00   -0.3417E+00
   912    0.2045E+03    0.1157E+02    0.1191E+02   -0.3435E+00   -0.3435E+00
   913    0.2069E+03    0.1153E+02    0.1190E+02   -0.3625E+00   -0.3625E+00
   914    0.2092E+03    0.1150E+02    0.1190E+02   -0.4008E+00   -0.4008E+00
   915    0.2116E+03    0.1148E+02    0.1188E+02   -0.4070E+00   -0.4070E+00
   916    0.2140E+03    0.1147E+02    0.1184E+02   -0.3757E+00   -0.3757E+00
   917    0.2163E+03    0.1146E+02    0.1182E+02   -0.3619E+00   -0.3619E+00
   918    0.2187E+03    0.1145E+02    0.1183E+02   -0.3824E+00   -0.3824E+00
   919    0.2211E+03    0.1142E+02    0.1181E+02   -0.3902E+00   -0.3902E+00
   920    0.2234E+03    0.1141E+02    0.1178E+02   -0.3660E+00   -0.3660E+00
   921    0.2258E+03    0.1141E+02    0.1176E+02   -0.3487E+00   -0.3487E+00
   922    0.2281E+03    0.1140E+02    0.1176E+02   -0.3605E+00   -0.3605E+00
   923    0.2305E+03    0.1138E+02    0.1175E+02   -0.3727E+00   -0.3727E+00
   924    0.2329E+03    0.1135E+02    0.1172E+02   -0.3700E+00   -0.3700E+00
   925    0.2352E+03    0.1132E+02    0.1170E+02   -0.3739E+00   -0.3739E+00
   926    0.2376E+03    0.1131E+02    0.1170E+02   -0.3929E+00   -0.3929E+00
   927    0.2400E+03    0.1128E+02    0.1169E+02   -0.4087E+00   -0.4087E+00
   928    0.2423E+03    0.1124E+02    0.1166E+02   -0.4228E+00   -0.4228E+00
   929    0.2447E+03    0.1118E+02    0.1164E+02   -0.4584E+00   -0.4584E+00
   930    0.2471E+03    0.1114E+02    0.1165E+02   -0.5097E+00   -0.5097E+00
   931    0.2494E+03    0.1109E+02    0.1164E+02   -0.5471E+00   -0.5471E+00
   932    0.2518E+03    0.1104E+02    0.1161E+02   -0.5728E+00   -0.5728E+00
   933    0.2542E+03    0.1098E+02    0.1159E+02   -0.6170E+00   -0.6170E+00
   934    0.2565E+03    0.1091E+02    0.1160E+02   -0.6885E+00   -0.6885E+00
   935    0.2589E+03    0.1082E+02    0.1159E+02   -0.7707E+00   -0.7707E+00
   936    0.2613E+03    0.1071E+02    0.1157E+02   -0.8562E+00   -0.8562E+00
   937    0.2636E+03    0.1062E+02    0.1155E+02   -0.9305E+00   -0.9305E+00
   938    0.2660E+03    0.1059E+02    0.1155E+02   -0.9562E+00   -0.9562E+00
   939    0.2684E+03    0.1062E+02    0.1154E+02   -0.9250E+00   -0.9250E+00
   940    0.2707E+03    0.1067E+02    0.1153E+02   -0.8557E+00   -0.8557E+00
   941    0.2731E+03    0.1076E+02    0.1151E+02   -0.7557E+00   -0.7557E+00
   942    0.2755E+03    0.1087E+02    0.1151E+02   -0.6331E+00   -0.6331E+00
   943    0.2778E+03    0.1099E+02    0.1150E+02   -0.5064E+00   -0.5064E+00
   944    0.2802E+03    0.1110E+02    0.1149E+02   -0.3895E+00   -0.3895E+00
   945    0.2826E+03    0.1120E+02    0.1148E+02   -0.2800E+00   -0.2800E+00
   946    0.2849E+03    0.1130E+02    0.1147E+02   -0.1676E+00   -0.1676E+00
   947    0.2873E+03    0.1140E+02    0.1146E+02   -0.5741E-01   -0.5741E-01
   948    0.2897E+03    0.1149E+02    0.1145E+02    0.3525E-01    0.3525E-01
   949    0.2920E+03    0.1156E+02    0.1145E+02    0.1125E+00    0.1125E+00
   950    0.2944E+03    0.1161E+02    0.1143E+02    0.1848E+00    0.1848E+00
   951    0.2968E+03    0.1166E+02    0.1141E+02    0.2417E+00    0.2417E+00
   952    0.2991E+03    0.1169E+02    0.1142E+02    0.2734E+00    0.2734E+00
   953    0.3015E+03    0.1172E+02    0.1142E+02    0.3047E+00    0.3047E+00
   954    0.3039E+03    0.1174E+02    0.1139E+02    0.3512E+00    0.3512E+00
   955    0.3062E+03    0.1174E+02    0.1137E+02    0.3743E+00    0.3743E+00
   956    0.3086E+03    0.1173E+02    0.1139E+02    0.3436E+00    0.3436E+00
   957    0.3110E+03    0.1171E+02    0.1139E+02    0.3131E+00    0.3131E+00
   958    0.3133E+03    0.1168E+02    0.1135E+02    0.3268E+00    0.3268E+00
   959    0.3157E+03    0.1165E+02    0.1132E+02    0.3283E+00    0.3283E+00
   960    0.3181E+03    0.1161E+02    0.1135E+02    0.2587E+00    0.2587E+00
   961    0.3204E+03    0.1157E+02    0.1137E+02    0.2028E+00    0.2028E+00
   962    0.3228E+03    0.1154E+02    0.1131E+02    0.2320E+00    0.2320E+00
   963    0.3252E+03    0.1151E+02    0.1125E+02    0.2592E+00    0.2592E+00
   964    0.3275E+03    0.1149E+02    0.1132E+02    0.1736E+00    0.1736E+00
   965    0.3299E+03    0.1148E+02    0.1136E+02    0.1186E+00    0.1186E+00
   966    0.3323E+03    0.1148E+02    0.1126E+02    0.2169E+00    0.2169E+00
   967    0.3346E+03    0.1150E+02    0.1116E+02    0.3431E+00    0.3431E+00
   968    0.3370E+03    0.1155E+02    0.1128E+02    0.2680E+00    0.2680E+00
   969    0.3394E+03    0.1161E+02    0.1137E+02    0.2457E+00    0.2457E+00
   970    0.3417E+03    0.1169E+02    0.1121E+02    0.4782E+00    0.4782E+00
   971    0.3441E+03    0.1177E+02    0.1097E+02    0.8041E+00    0.8041E+00
   972    0.3465E+03    0.1185E+02    0.1124E+02    0.6054E+00    0.6054E+00
   973    0.3488E+03    0.1192E+02    0.1142E+02    0.5012E+00    0.5012E+00
   974    0.3512E+03    0.1198E+02    0.1118E+02    0.7939E+00    0.7939E+00
   975    0.3536E+03    0.1203E+02    0.1138E+02    0.6474E+00    0.6474E+00
   976    0.3559E+03    0.1208E+02    0.1214E+02   -0.5506E-01   -0.5506E-01
   977    0.3583E+03    0.1213E+02    0.1257E+02   -0.4337E+00   -0.4337E+00
   978    0.3607E+03    0.1218E+02    0.1277E+02   -0.5959E+00   -0.5959E+00
   979    0.3630E+03    0.1222E+02    0.1281E+02   -0.5988E+00   -0.5988E+00
   980    0.3654E+03    0.1225E+02    0.1271E+02   -0.4594E+00   -0.4594E+00
   981    0.3678E+03    0.1227E+02    0.1246E+02   -0.1854E+00   -0.1854E+00
   982    0.3701E+03    0.1230E+02    0.1215E+02    0.1538E+00    0.1538E+00
   983    0.3725E+03    0.1232E+02    0.1199E+02    0.3256E+00    0.3256E+00
   984    0.3748E+03    0.1233E+02    0.1200E+02    0.3300E+00    0.3300E+00
   985    0.3772E+03    0.1233E+02    0.1192E+02    0.4169E+00    0.4169E+00
   986    0.3796E+03    0.1233E+02    0.1164E+02    0.6892E+00    0.6892E+00
   987    0.3819E+03    0.1232E+02    0.1118E+02    0.1144E+01    0.1144E+01
   988    0.3843E+03    0.1231E+02    0.1118E+02    0.1136E+01    0.1136E+01
   989    0.3867E+03    0.1230E+02    0.1160E+02    0.6993E+00    0.6993E+00
   990    0.3890E+03    0.1228E+02    0.1188E+02    0.3947E+00    0.3947E+00
   991    0.3914E+03    0.1226E+02    0.1206E+02    0.2008E+00    0.2008E+00
   992    0.3938E+03    0.1225E+02    0.1217E+02    0.7537E-01    0.7537E-01
   993    0.3961E+03    0.1224E+02    0.1226E+02   -0.1860E-01   -0.1860E-01
   994    0.3985E+03    0.1225E+02    0.1235E+02   -0.1024E+00   -0.1024E+00
   995    0.4009E+03    0.1226E+02    0.1242E+02   -0.1582E+00   -0.1582E+00
   996    0.4032E+03    0.1229E+02    0.1244E+02   -0.1477E+00   -0.1477E+00
   997    0.4056E+03    0.1233E+02    0.1239E+02   -0.5483E-01   -0.5483E-01
   998    0.4080E+03    0.1239E+02    0.1231E+02    0.7846E-01    0.7846E-01
   999    0.4103E+03    0.1244E+02    0.1230E+02    0.1452E+00    0.1452E+00
  1000    0.4127E+03    0.1250E+02    0.1238E+02    0.1192E+00    0.1192E+00
  1001    0.4151E+03    0.1256E+02    0.1246E+02    0.1040E+00    0.1040E+00
  1002    0.4174E+03    0.1262E+02    0.1247E+02    0.1497E+00    0.1497E+00
  1003    0.4198E+03    0.1267E+02    0.1245E+02    0.2195E+00    0.2195E+00
  1004    0.4222E+03    0.1272E+02    0.1247E+02    0.2458E+00    0.2458E+00
  1005    0.4245E+03    0.1275E+02    0.1252E+02    0.2314E+00    0.2314E+00
  1006    0.4269E+03    0.1279E+02    0.1255E+02    0.2358E+00    0.2358E+00
  1007    0.4293E+03    0.1281E+02    0.1253E+02    0.2767E+00    0.2767E+00
  1008    0.4316E+03    0.1283E+02    0.1251E+02    0.3137E+00    0.3137E+00
  1009    0.4340E+03    0.1284E+02    0.1253E+02    0.3101E+00    0.3101E+00
  1010    0.4364E+03    0.1284E+02    0.1255E+02    0.2950E+00    0.2950E+00
  1011    0.4387E+03    0.1285E+02    0.1254E+02    0.3087E+00    0.3087E+00
  1012    0.4411E+03    0.1284E+02    0.1250E+02    0.3400E+00    0.3400E+00
  1013    0.4435E+03    0.1283E+02    0.1249E+02    0.3460E+00    0.3460E+00
  1014    0.4458E+03    0.1283E+02    0.1250E+02    0.3261E+00    0.3261E+00
  1015    0.4482E+03    0.1282E+02    0.1249E+02    0.3233E+00    0.3233E+00
  1016    0.4506E+03    0.1280E+02    0.1245E+02    0.3496E+00    0.3496E+00
  1017    0.4529E+03    0.1279E+02    0.1242E+02    0.3677E+00    0.3677E+00
  1018    0.4553E+03    0.1278E+02    0.1242E+02    0.3536E+00    0.3536E+00
  1019    0.4577E+03    0.1276E+02    0.1242E+02    0.3399E+00    0.3399E+00
  1020    0.4600E+03    0.1274E+02    0.1239E+02    0.3542E+00    0.3542E+00
  1021    0.4624E+03    0.1272E+02    0.1234E+02    0.3713E+00    0.3713E+00
  1022    0.4648E+03    0.1269E+02    0.1233E+02    0.3538E+00    0.3538E+00
  1023    0.4671E+03    0.1265E+02    0.1233E+02    0.3211E+00    0.3211E+00
  1024    0.4695E+03    0.1262E+02    0.1230E+02    0.3126E+00    0.3126E+00
  1025    0.4719E+03    0.1257E+02    0.1226E+02    0.3175E+00    0.3175E+00
  1026    0.4742E+03    0.1252E+02    0.1223E+02    0.2904E+00    0.2904E+00
  1027    0.4766E+03    0.1246E+02    0.1223E+02    0.2323E+00    0.2323E+00
  1028    0.4790E+03    0.1240E+02    0.1221E+02    0.1895E+00    0.1895E+00
  1029    0.4813E+03    0.1233E+02    0.1216E+02    0.1690E+00    0.1690E+00
  1030    0.4837E+03    0.1225E+02    0.1213E+02    0.1251E+00    0.1251E+00
  1031    0.4861E+03    0.1216E+02    0.1212E+02    0.3995E-01    0.3995E-01
  1032    0.4884E+03    0.1207E+02    0.1211E+02   -0.3979E-01   -0.3979E-01
  1033    0.4908E+03    0.1197E+02    0.1206E+02   -0.8873E-01   -0.8873E-01
  1034    0.4932E+03    0.1187E+02    0.1202E+02   -0.1468E+00   -0.1468E+00
  1035    0.4955E+03    0.1176E+02    0.1201E+02   -0.2520E+00   -0.2520E+00
  1036    0.4979E+03    0.1164E+02    0.1201E+02   -0.3678E+00   -0.3678E+00
  1037    0.5003E+03    0.1151E+02    0.1196E+02   -0.4515E+00   -0.4515E+00
  1038    0.5026E+03    0.1139E+02    0.1191E+02   -0.5232E+00   -0.5232E+00
  1039    0.5050E+03    0.1127E+02    0.1190E+02   -0.6231E+00   -0.6231E+00
  1040    0.5074E+03    0.1118E+02    0.1190E+02   -0.7177E+00   -0.7177E+00
  1041    0.5097E+03    0.1112E+02    0.1186E+02   -0.7453E+00   -0.7453E+00
  1042    0.5121E+03    0.1109E+02    0.1180E+02   -0.7085E+00   -0.7085E+00
  1043    0.5145E+03    0.1112E+02    0.1178E+02   -0.6649E+00   -0.6649E+00
  1044    0.5168E+03    0.1116E+02    0.1179E+02   -0.6255E+00   -0.6255E+00
  1045    0.5192E+03    0.1121E+02    0.1176E+02   -0.5498E+00   -0.5498E+00
  1046    0.5215E+03    0.1126E+02    0.1170E+02   -0.4397E+00   -0.4397E+00
  1047    0.5239E+03    0.1132E+02    0.1167E+02   -0.3517E+00   -0.3517E+00
  1048    0.5263E+03    0.1138E+02    0.1168E+02   -0.3012E+00   -0.3012E+00
  1049    0.5286E+03    0.1144E+02    0.1167E+02   -0.2351E+00   -0.2351E+00
  1050    0.5310E+03    0.1148E+02    0.1162E+02   -0.1389E+00   -0.1389E+00
  1051    0.5334E+03    0.1151E+02    0.1158E+02   -0.6593E-01   -0.6593E-01
  1052    0.5357E+03    0.1154E+02    0.1159E+02   -0.4306E-01   -0.4306E-01
  1053    0.5381E+03    0.1158E+02    0.1159E+02   -0.8351E-02   -0.8351E-02
  1054    0.5405E+03    0.1162E+02    0.1154E+02    0.7150E-01    0.7150E-01
  1055    0.5428E+03    0.1164E+02    0.1150E+02    0.1425E+00    0.1425E+00
  1056    0.5452E+03    0.1166E+02    0.1151E+02    0.1490E+00    0.1490E+00
  1057    0.5476E+03    0.1167E+02    0.1153E+02    0.1420E+00    0.1420E+00
  1058    0.5499E+03    0.1167E+02    0.1149E+02    0.1802E+00    0.1802E+00
  1059    0.5523E+03    0.1168E+02    0.1144E+02    0.2332E+00    0.2332E+00
  1060    0.5547E+03    0.1169E+02    0.1145E+02    0.2359E+00    0.2359E+00
  1061    0.5570E+03    0.1170E+02    0.1148E+02    0.2192E+00    0.2192E+00
  1062    0.5594E+03    0.1171E+02    0.1146E+02    0.2467E+00    0.2467E+00
  1063    0.5618E+03    0.1171E+02    0.1141E+02    0.2980E+00    0.2980E+00
  1064    0.5641E+03    0.1171E+02    0.1141E+02    0.2995E+00    0.2995E+00
  1065    0.5665E+03    0.1171E+02    0.1144E+02    0.2663E+00    0.2663E+00
  1066    0.5689E+03    0.1172E+02    0.1144E+02    0.2774E+00    0.2774E+00
  1067    0.5712E+03    0.1173E+02    0.1140E+02    0.3326E+00    0.3326E+00
  1068    0.5736E+03    0.1174E+02    0.1139E+02    0.3518E+00    0.3518E+00
  1069    0.5760E+03    0.1174E+02    0.1142E+02    0.3186E+00    0.3186E+00
  1070    0.5783E+03    0.1174E+02    0.1143E+02    0.3103E+00    0.3103E+00
  1071    0.5807E+03    0.1175E+02    0.1139E+02    0.3533E+00    0.3533E+00
  1072    0.5831E+03    0.1176E+02    0.1137E+02    0.3844E+00    0.3844E+00
  1073    0.5854E+03    0.1177E+02    0.1141E+02    0.3673E+00    0.3673E+00
  1074    0.5878E+03    0.1179E+02    0.1142E+02    0.3630E+00    0.3630E+00
  1075    0.5902E+03    0.1179E+02    0.1139E+02    0.4028E+00    0.4028E+00
  1076    0.5925E+03    0.1180E+02    0.1137E+02    0.4350E+00    0.4350E+00
  1077    0.5949E+03    0.1181E+02    0.1139E+02    0.4190E+00    0.4190E+00
  1078    0.5973E+03    0.1183E+02    0.1142E+02    0.4104E+00    0.4104E+00
  1079    0.5996E+03    0.1184E+02    0.1139E+02    0.4464E+00    0.4464E+00
  1080    0.6020E+03    0.1184E+02    0.1136E+02    0.4797E+00    0.4797E+00
  1081    0.6044E+03    0.1184E+02    0.1138E+02    0.4625E+00    0.4625E+00
