C Output produced by program LSFIT
C common name of the files : lserror                                                                     
C no creation time is given out any longer 
C
C Before you consider to publish these results,
C check them with a professional least-square program.
C
C selected files : 1
C   CONIN : CON - file not found                                             
C                   or                                                       
C            CON - file broken                                               
C
C the model function was calculated with the following set of parameters
C
C     description                       value          sigma      last change
C   1  footprint in deg                0.2025540       0.000000       0.000000    
C   2  background (-log value)         0.4000000E-02   0.000000       0.000000    
C   3  diffractometer resolution        5.000000       0.000000       0.000000    
C   4  [disp,n*b] reference material    0.000000       0.000000       0.000000    
C   5  disp / n*b substrate 0 part 1    4.884649       0.000000       0.000000    
C   6  di_nb/beta substrate 0 part 1    117.2382       0.000000       0.000000    
C   7  sigma substrate in A 0 part 1    2.421656       0.000000       0.000000    
C   8  intensity offset                0.1071720E-01   0.000000       0.000000    
C   9  disp / n*b layer     1 part 1    10.33217       0.000000       0.000000    
C 
C quality of the agreement data vs. model
C
C Chi-square                   0.000000    
C goodness-of-fit              0.000000    
C absolute values  R-factor    0.000000    
C weighted profile R-factor    0.000000    
C expected         R-factor    0.000000    
C
 C WRICOR : no valid correlation matrix
C
C list of observed and calculated data
C
C    #       XOBS          YOBS          YCALC         DELTA        DELTA/SIGMA
C 
